  [1m[36m (2.1ms)[0m  [1mCREATE TABLE "schema_migrations" ("version" character varying(255) NOT NULL) [0m
  [1m[35m (1.5ms)[0m  CREATE UNIQUE INDEX "unique_schema_migrations" ON "schema_migrations" ("version")
  [1m[36mActiveRecord::SchemaMigration Load (0.2ms)[0m  [1mSELECT "schema_migrations".* FROM "schema_migrations"[0m
  [1m[36mSQL (0.9ms)[0m  [1mCREATE EXTENSION IF NOT EXISTS "plpgsql"[0m
  [1m[35m (0.3ms)[0m  SELECT version FROM "schema_migrations"
  [1m[36m (0.9ms)[0m  [1mINSERT INTO "schema_migrations" (version) VALUES ('0')[0m
  [1m[35mActiveRecord::SchemaMigration Load (0.2ms)[0m  SELECT "schema_migrations".* FROM "schema_migrations"
  [1m[36mActiveRecord::SchemaMigration Load (0.3ms)[0m  [1mSELECT "schema_migrations".* FROM "schema_migrations"[0m


Started GET "/" for 127.0.0.1 at 2017-02-03 12:30:22 -0500
Processing by Rails::WelcomeController#index as HTML
  Rendered /Users/elegran/.rvm/gems/ruby-2.3.0/gems/railties-4.0.6/lib/rails/templates/rails/welcome/index.html.erb (1.1ms)
Completed 200 OK in 15ms (Views: 7.8ms | ActiveRecord: 0.0ms)


Started GET "/" for 127.0.0.1 at 2017-02-03 12:33:23 -0500
Processing by Rails::WelcomeController#index as HTML
  Rendered /Users/elegran/.rvm/gems/ruby-2.3.0/gems/railties-4.0.6/lib/rails/templates/rails/welcome/index.html.erb (1.2ms)
Completed 200 OK in 16ms (Views: 8.3ms | ActiveRecord: 0.0ms)


Started GET "/" for 127.0.0.1 at 2017-02-03 13:51:30 -0500
Processing by Rails::WelcomeController#index as HTML
  Rendered /Users/elegran/.rvm/gems/ruby-2.3.0/gems/railties-4.0.6/lib/rails/templates/rails/welcome/index.html.erb (1.3ms)
Completed 200 OK in 25ms (Views: 17.2ms | ActiveRecord: 0.0ms)
<<<<<<< HEAD
  [1m[36mActiveRecord::SchemaMigration Load (0.3ms)[0m  [1mSELECT "schema_migrations".* FROM "schema_migrations"[0m
Migrating to DeviseCreateUsers (20170203194438)
  [1m[35m (0.1ms)[0m  BEGIN
  [1m[36m (31.4ms)[0m  [1mCREATE TABLE "users" ("id" serial primary key, "email" character varying(255) DEFAULT '' NOT NULL, "encrypted_password" character varying(255) DEFAULT '' NOT NULL, "reset_password_token" character varying(255), "reset_password_sent_at" timestamp, "remember_created_at" timestamp, "sign_in_count" integer DEFAULT 0 NOT NULL, "current_sign_in_at" timestamp, "last_sign_in_at" timestamp, "current_sign_in_ip" inet, "last_sign_in_ip" inet, "created_at" timestamp NOT NULL, "updated_at" timestamp NOT NULL) [0m
  [1m[35m (71.2ms)[0m  CREATE UNIQUE INDEX "index_users_on_email" ON "users" ("email")
  [1m[36m (0.9ms)[0m  [1mCREATE UNIQUE INDEX "index_users_on_reset_password_token" ON "users" ("reset_password_token")[0m
  [1m[35mSQL (0.4ms)[0m  INSERT INTO "schema_migrations" ("version") VALUES ($1)  [["version", "20170203194438"]]
  [1m[36m (1.2ms)[0m  [1mCOMMIT[0m
  [1m[35mActiveRecord::SchemaMigration Load (0.2ms)[0m  SELECT "schema_migrations".* FROM "schema_migrations"
  [1m[36m (205.0ms)[0m  [1mDROP DATABASE IF EXISTS "db/test"[0m
  [1m[35m (628.1ms)[0m  CREATE DATABASE "db/test" ENCODING = 'utf8'
  [1m[36mSQL (1.0ms)[0m  [1mCREATE EXTENSION IF NOT EXISTS "plpgsql"[0m
  [1m[35m (5.6ms)[0m  CREATE TABLE "users" ("id" serial primary key, "email" character varying(255) DEFAULT '' NOT NULL, "encrypted_password" character varying(255) DEFAULT '' NOT NULL, "reset_password_token" character varying(255), "reset_password_sent_at" timestamp, "remember_created_at" timestamp, "sign_in_count" integer DEFAULT 0 NOT NULL, "current_sign_in_at" timestamp, "last_sign_in_at" timestamp, "current_sign_in_ip" inet, "last_sign_in_ip" inet, "created_at" timestamp NOT NULL, "updated_at" timestamp NOT NULL) 
  [1m[36m (1.2ms)[0m  [1mCREATE UNIQUE INDEX "index_users_on_email" ON "users" USING btree ("email")[0m
  [1m[35m (1.0ms)[0m  CREATE UNIQUE INDEX "index_users_on_reset_password_token" ON "users" USING btree ("reset_password_token")
  [1m[36m (0.8ms)[0m  [1mCREATE TABLE "schema_migrations" ("version" character varying(255) NOT NULL) [0m
  [1m[35m (1.5ms)[0m  CREATE UNIQUE INDEX "unique_schema_migrations" ON "schema_migrations" ("version")
  [1m[36m (0.2ms)[0m  [1mSELECT version FROM "schema_migrations"[0m
  [1m[35m (0.5ms)[0m  INSERT INTO "schema_migrations" (version) VALUES ('20170203194438')
  [1m[36m (0.2ms)[0m  [1mBEGIN[0m
  [1m[35mUser Exists (0.9ms)[0m  SELECT 1 AS one FROM "users" WHERE "users"."email" = 'james@gmail.com' LIMIT 1
  [1m[36mSQL (2.8ms)[0m  [1mINSERT INTO "users" ("created_at", "email", "encrypted_password", "updated_at") VALUES ($1, $2, $3, $4) RETURNING "id"[0m  [["created_at", Fri, 03 Feb 2017 21:11:34 UTC +00:00], ["email", "james@gmail.com"], ["encrypted_password", "$2a$10$rXsJ0nOVo1lh/OqKkRSNYu96YZBptl1Y0JmVDUELfbX9k6xlQxSpS"], ["updated_at", Fri, 03 Feb 2017 21:11:34 UTC +00:00]]
  [1m[35m (40.1ms)[0m  COMMIT


Started GET "/" for 127.0.0.1 at 2017-02-03 16:40:48 -0500
  [1m[36mActiveRecord::SchemaMigration Load (0.3ms)[0m  [1mSELECT "schema_migrations".* FROM "schema_migrations"[0m
Processing by Rails::WelcomeController#index as HTML
  Rendered /Users/elegran/.rvm/gems/ruby-2.3.0/gems/railties-4.0.6/lib/rails/templates/rails/welcome/index.html.erb (8.3ms)
Completed 200 OK in 33ms (Views: 16.8ms | ActiveRecord: 0.0ms)


Started GET "/" for 127.0.0.1 at 2017-02-03 16:40:55 -0500
Processing by Rails::WelcomeController#index as application/vnd.restfulapi-server-rails.v1
Completed 500 Internal Server Error in 3ms

ActionView::MissingTemplate (Missing template rails/welcome/index with {:locale=>[:en], :formats=>["application/vnd.restfulapi-server-rails.v1"], :handlers=>[:erb, :builder, :raw, :ruby, :jbuilder, :coffee]}. Searched in:
  * "/Users/elegran/.rvm/gems/ruby-2.3.0/gems/railties-4.0.6/lib/rails/templates"
):
  actionpack (4.0.6) lib/action_view/path_set.rb:46:in `find'
  actionpack (4.0.6) lib/action_view/lookup_context.rb:122:in `find'
  actionpack (4.0.6) lib/action_view/renderer/abstract_renderer.rb:18:in `find_template'
  actionpack (4.0.6) lib/action_view/renderer/template_renderer.rb:35:in `determine_template'
  actionpack (4.0.6) lib/action_view/renderer/template_renderer.rb:8:in `render'
  actionpack (4.0.6) lib/action_view/renderer/renderer.rb:42:in `render_template'
  actionpack (4.0.6) lib/action_view/renderer/renderer.rb:23:in `render'
  actionpack (4.0.6) lib/abstract_controller/rendering.rb:127:in `_render_template'
  actionpack (4.0.6) lib/action_controller/metal/streaming.rb:219:in `_render_template'
  actionpack (4.0.6) lib/abstract_controller/rendering.rb:120:in `render_to_body'
  actionpack (4.0.6) lib/action_controller/metal/rendering.rb:33:in `render_to_body'
  actionpack (4.0.6) lib/action_controller/metal/renderers.rb:26:in `render_to_body'
  actionpack (4.0.6) lib/abstract_controller/rendering.rb:97:in `render'
  actionpack (4.0.6) lib/action_controller/metal/rendering.rb:16:in `render'
  actionpack (4.0.6) lib/action_controller/metal/instrumentation.rb:41:in `block (2 levels) in render'
  activesupport (4.0.6) lib/active_support/core_ext/benchmark.rb:12:in `block in ms'
  /Users/elegran/.rvm/rubies/ruby-2.3.0/lib/ruby/2.3.0/benchmark.rb:308:in `realtime'
  activesupport (4.0.6) lib/active_support/core_ext/benchmark.rb:12:in `ms'
  actionpack (4.0.6) lib/action_controller/metal/instrumentation.rb:41:in `block in render'
  actionpack (4.0.6) lib/action_controller/metal/instrumentation.rb:84:in `cleanup_view_runtime'
  activerecord (4.0.6) lib/active_record/railties/controller_runtime.rb:25:in `cleanup_view_runtime'
  actionpack (4.0.6) lib/action_controller/metal/instrumentation.rb:40:in `render'
  actionpack (4.0.6) lib/action_controller/metal/implicit_render.rb:10:in `default_render'
  actionpack (4.0.6) lib/action_controller/metal/implicit_render.rb:5:in `send_action'
  actionpack (4.0.6) lib/abstract_controller/base.rb:189:in `process_action'
  actionpack (4.0.6) lib/action_controller/metal/rendering.rb:10:in `process_action'
  actionpack (4.0.6) lib/abstract_controller/callbacks.rb:18:in `block in process_action'
  activesupport (4.0.6) lib/active_support/callbacks.rb:383:in `_run__82177829210605881__process_action__callbacks'
  activesupport (4.0.6) lib/active_support/callbacks.rb:80:in `run_callbacks'
  actionpack (4.0.6) lib/abstract_controller/callbacks.rb:17:in `process_action'
  actionpack (4.0.6) lib/action_controller/metal/rescue.rb:29:in `process_action'
  actionpack (4.0.6) lib/action_controller/metal/instrumentation.rb:31:in `block in process_action'
  activesupport (4.0.6) lib/active_support/notifications.rb:159:in `block in instrument'
  activesupport (4.0.6) lib/active_support/notifications/instrumenter.rb:20:in `instrument'
  activesupport (4.0.6) lib/active_support/notifications.rb:159:in `instrument'
  actionpack (4.0.6) lib/action_controller/metal/instrumentation.rb:30:in `process_action'
  actionpack (4.0.6) lib/action_controller/metal/params_wrapper.rb:250:in `process_action'
  activerecord (4.0.6) lib/active_record/railties/controller_runtime.rb:18:in `process_action'
  actionpack (4.0.6) lib/abstract_controller/base.rb:136:in `process'
  actionpack (4.0.6) lib/abstract_controller/rendering.rb:44:in `process'
  actionpack (4.0.6) lib/action_controller/metal.rb:195:in `dispatch'
  actionpack (4.0.6) lib/action_controller/metal/rack_delegation.rb:13:in `dispatch'
  actionpack (4.0.6) lib/action_controller/metal.rb:231:in `block in action'
  actionpack (4.0.6) lib/action_dispatch/routing/route_set.rb:82:in `dispatch'
  actionpack (4.0.6) lib/action_dispatch/routing/route_set.rb:50:in `call'
  actionpack (4.0.6) lib/action_dispatch/journey/router.rb:71:in `block in call'
  actionpack (4.0.6) lib/action_dispatch/journey/router.rb:59:in `each'
  actionpack (4.0.6) lib/action_dispatch/journey/router.rb:59:in `call'
  actionpack (4.0.6) lib/action_dispatch/routing/route_set.rb:676:in `call'
  warden (1.2.7) lib/warden/manager.rb:36:in `block in call'
  warden (1.2.7) lib/warden/manager.rb:35:in `catch'
  warden (1.2.7) lib/warden/manager.rb:35:in `call'
  rack (1.5.5) lib/rack/etag.rb:23:in `call'
  rack (1.5.5) lib/rack/conditionalget.rb:25:in `call'
  rack (1.5.5) lib/rack/head.rb:11:in `call'
  actionpack (4.0.6) lib/action_dispatch/middleware/params_parser.rb:27:in `call'
  actionpack (4.0.6) lib/action_dispatch/middleware/flash.rb:241:in `call'
  rack (1.5.5) lib/rack/session/abstract/id.rb:225:in `context'
  rack (1.5.5) lib/rack/session/abstract/id.rb:220:in `call'
  actionpack (4.0.6) lib/action_dispatch/middleware/cookies.rb:486:in `call'
  activerecord (4.0.6) lib/active_record/query_cache.rb:36:in `call'
  activerecord (4.0.6) lib/active_record/connection_adapters/abstract/connection_pool.rb:626:in `call'
  activerecord (4.0.6) lib/active_record/migration.rb:373:in `call'
  actionpack (4.0.6) lib/action_dispatch/middleware/callbacks.rb:29:in `block in call'
  activesupport (4.0.6) lib/active_support/callbacks.rb:373:in `_run__3981201794814823540__call__callbacks'
  activesupport (4.0.6) lib/active_support/callbacks.rb:80:in `run_callbacks'
  actionpack (4.0.6) lib/action_dispatch/middleware/callbacks.rb:27:in `call'
  actionpack (4.0.6) lib/action_dispatch/middleware/reloader.rb:64:in `call'
  actionpack (4.0.6) lib/action_dispatch/middleware/remote_ip.rb:76:in `call'
  actionpack (4.0.6) lib/action_dispatch/middleware/debug_exceptions.rb:17:in `call'
  actionpack (4.0.6) lib/action_dispatch/middleware/show_exceptions.rb:30:in `call'
  railties (4.0.6) lib/rails/rack/logger.rb:38:in `call_app'
  railties (4.0.6) lib/rails/rack/logger.rb:20:in `block in call'
  activesupport (4.0.6) lib/active_support/tagged_logging.rb:68:in `block in tagged'
  activesupport (4.0.6) lib/active_support/tagged_logging.rb:26:in `tagged'
  activesupport (4.0.6) lib/active_support/tagged_logging.rb:68:in `tagged'
  railties (4.0.6) lib/rails/rack/logger.rb:20:in `call'
  actionpack (4.0.6) lib/action_dispatch/middleware/request_id.rb:21:in `call'
  rack (1.5.5) lib/rack/methodoverride.rb:21:in `call'
  rack (1.5.5) lib/rack/runtime.rb:17:in `call'
  activesupport (4.0.6) lib/active_support/cache/strategy/local_cache.rb:83:in `call'
  rack (1.5.5) lib/rack/lock.rb:17:in `call'
  actionpack (4.0.6) lib/action_dispatch/middleware/static.rb:64:in `call'
  rack (1.5.5) lib/rack/sendfile.rb:112:in `call'
  railties (4.0.6) lib/rails/engine.rb:511:in `call'
  railties (4.0.6) lib/rails/application.rb:97:in `call'
  /Users/elegran/Library/Application Support/Pow/Versions/0.5.0/node_modules/nack/lib/nack/server.rb:155:in `handle'
  /Users/elegran/Library/Application Support/Pow/Versions/0.5.0/node_modules/nack/lib/nack/server.rb:109:in `rescue in block (2 levels) in start'
  /Users/elegran/Library/Application Support/Pow/Versions/0.5.0/node_modules/nack/lib/nack/server.rb:106:in `block (2 levels) in start'
  /Users/elegran/Library/Application Support/Pow/Versions/0.5.0/node_modules/nack/lib/nack/server.rb:96:in `each'
  /Users/elegran/Library/Application Support/Pow/Versions/0.5.0/node_modules/nack/lib/nack/server.rb:96:in `block in start'
  /Users/elegran/Library/Application Support/Pow/Versions/0.5.0/node_modules/nack/lib/nack/server.rb:76:in `loop'
  /Users/elegran/Library/Application Support/Pow/Versions/0.5.0/node_modules/nack/lib/nack/server.rb:76:in `start'
  /Users/elegran/Library/Application Support/Pow/Versions/0.5.0/node_modules/nack/lib/nack/server.rb:12:in `run'
  /Users/elegran/Library/Application Support/Pow/Versions/0.5.0/node_modules/nack/bin/nack_worker:4:in `<main>'


  Rendered /Users/elegran/.rvm/gems/ruby-2.3.0/gems/actionpack-4.0.6/lib/action_dispatch/middleware/templates/rescues/missing_template.erb within rescues/layout (0.4ms)


Started GET "/users/1" for 127.0.0.1 at 2017-02-03 16:41:39 -0500
Processing by Api::V1::UsersController#show as JSON
  Parameters: {"subdomain"=>"api", "id"=>"1"}
  [1m[35mUser Load (1.1ms)[0m  SELECT "users".* FROM "users" WHERE "users"."id" = $1 LIMIT 1  [["id", "1"]]
[active_model_serializers] Rendered ActiveModel::Serializer::Null with User (1.14ms)
Completed 200 OK in 27ms (Views: 7.8ms | ActiveRecord: 3.6ms)


Started GET "/" for 127.0.0.1 at 2017-02-03 16:53:36 -0500
Processing by Rails::WelcomeController#index as */*
  Rendered /Users/elegran/.rvm/gems/ruby-2.3.0/gems/railties-4.0.6/lib/rails/templates/rails/welcome/index.html.erb (0.7ms)
Completed 200 OK in 20ms (Views: 19.9ms | ActiveRecord: 0.0ms)
  [1m[36mSQL (1.6ms)[0m  [1mCREATE EXTENSION IF NOT EXISTS "plpgsql"[0m
  [1m[35m (8.1ms)[0m  CREATE TABLE "users" ("id" serial primary key, "email" character varying(255) DEFAULT '' NOT NULL, "encrypted_password" character varying(255) DEFAULT '' NOT NULL, "reset_password_token" character varying(255), "reset_password_sent_at" timestamp, "remember_created_at" timestamp, "sign_in_count" integer DEFAULT 0 NOT NULL, "current_sign_in_at" timestamp, "last_sign_in_at" timestamp, "current_sign_in_ip" inet, "last_sign_in_ip" inet, "created_at" timestamp NOT NULL, "updated_at" timestamp NOT NULL) 
  [1m[36m (2.0ms)[0m  [1mCREATE UNIQUE INDEX "index_users_on_email" ON "users" USING btree ("email")[0m
  [1m[35m (0.8ms)[0m  CREATE UNIQUE INDEX "index_users_on_reset_password_token" ON "users" USING btree ("reset_password_token")
  [1m[36m (0.7ms)[0m  [1mCREATE TABLE "schema_migrations" ("version" character varying(255) NOT NULL) [0m
  [1m[35m (1.0ms)[0m  CREATE UNIQUE INDEX "unique_schema_migrations" ON "schema_migrations" ("version")
  [1m[36m (0.3ms)[0m  [1mSELECT version FROM "schema_migrations"[0m
  [1m[35m (0.6ms)[0m  INSERT INTO "schema_migrations" (version) VALUES ('20170203194438')
  [1m[36mActiveRecord::SchemaMigration Load (0.3ms)[0m  [1mSELECT "schema_migrations".* FROM "schema_migrations"[0m
  [1m[36mActiveRecord::SchemaMigration Load (0.3ms)[0m  [1mSELECT "schema_migrations".* FROM "schema_migrations"[0m
  [1m[35mActiveRecord::SchemaMigration Load (0.2ms)[0m  SELECT "schema_migrations".* FROM "schema_migrations"


Started GET "/" for 127.0.0.1 at 2017-02-04 11:55:38 -0500
  [1m[36mActiveRecord::SchemaMigration Load (0.4ms)[0m  [1mSELECT "schema_migrations".* FROM "schema_migrations"[0m
Processing by Rails::WelcomeController#index as HTML
  Rendered /Users/JamesHwang/.rvm/gems/ruby-2.3.0/gems/railties-4.0.6/lib/rails/templates/rails/welcome/index.html.erb (1.4ms)
Completed 200 OK in 17ms (Views: 8.8ms | ActiveRecord: 0.0ms)


Started GET "/" for 127.0.0.1 at 2017-02-04 11:59:23 -0500
Processing by Rails::WelcomeController#index as application/vnd.restfulapi-server-rails.v1
Completed 500 Internal Server Error in 3ms

ActionView::MissingTemplate (Missing template rails/welcome/index with {:locale=>[:en], :formats=>["application/vnd.restfulapi-server-rails.v1"], :handlers=>[:erb, :builder, :raw, :ruby, :jbuilder, :coffee]}. Searched in:
  * "/Users/JamesHwang/.rvm/gems/ruby-2.3.0/gems/railties-4.0.6/lib/rails/templates"
):
  actionpack (4.0.6) lib/action_view/path_set.rb:46:in `find'
  actionpack (4.0.6) lib/action_view/lookup_context.rb:122:in `find'
  actionpack (4.0.6) lib/action_view/renderer/abstract_renderer.rb:18:in `find_template'
  actionpack (4.0.6) lib/action_view/renderer/template_renderer.rb:35:in `determine_template'
  actionpack (4.0.6) lib/action_view/renderer/template_renderer.rb:8:in `render'
  actionpack (4.0.6) lib/action_view/renderer/renderer.rb:42:in `render_template'
  actionpack (4.0.6) lib/action_view/renderer/renderer.rb:23:in `render'
  actionpack (4.0.6) lib/abstract_controller/rendering.rb:127:in `_render_template'
  actionpack (4.0.6) lib/action_controller/metal/streaming.rb:219:in `_render_template'
  actionpack (4.0.6) lib/abstract_controller/rendering.rb:120:in `render_to_body'
  actionpack (4.0.6) lib/action_controller/metal/rendering.rb:33:in `render_to_body'
  actionpack (4.0.6) lib/action_controller/metal/renderers.rb:26:in `render_to_body'
  actionpack (4.0.6) lib/abstract_controller/rendering.rb:97:in `render'
  actionpack (4.0.6) lib/action_controller/metal/rendering.rb:16:in `render'
  actionpack (4.0.6) lib/action_controller/metal/instrumentation.rb:41:in `block (2 levels) in render'
  activesupport (4.0.6) lib/active_support/core_ext/benchmark.rb:12:in `block in ms'
  /Users/JamesHwang/.rvm/rubies/ruby-2.3.0/lib/ruby/2.3.0/benchmark.rb:308:in `realtime'
  activesupport (4.0.6) lib/active_support/core_ext/benchmark.rb:12:in `ms'
  actionpack (4.0.6) lib/action_controller/metal/instrumentation.rb:41:in `block in render'
  actionpack (4.0.6) lib/action_controller/metal/instrumentation.rb:84:in `cleanup_view_runtime'
  activerecord (4.0.6) lib/active_record/railties/controller_runtime.rb:25:in `cleanup_view_runtime'
  actionpack (4.0.6) lib/action_controller/metal/instrumentation.rb:40:in `render'
  actionpack (4.0.6) lib/action_controller/metal/implicit_render.rb:10:in `default_render'
  actionpack (4.0.6) lib/action_controller/metal/implicit_render.rb:5:in `send_action'
  actionpack (4.0.6) lib/abstract_controller/base.rb:189:in `process_action'
  actionpack (4.0.6) lib/action_controller/metal/rendering.rb:10:in `process_action'
  actionpack (4.0.6) lib/abstract_controller/callbacks.rb:18:in `block in process_action'
  activesupport (4.0.6) lib/active_support/callbacks.rb:383:in `_run__519140358006107491__process_action__callbacks'
  activesupport (4.0.6) lib/active_support/callbacks.rb:80:in `run_callbacks'
  actionpack (4.0.6) lib/abstract_controller/callbacks.rb:17:in `process_action'
  actionpack (4.0.6) lib/action_controller/metal/rescue.rb:29:in `process_action'
  actionpack (4.0.6) lib/action_controller/metal/instrumentation.rb:31:in `block in process_action'
  activesupport (4.0.6) lib/active_support/notifications.rb:159:in `block in instrument'
  activesupport (4.0.6) lib/active_support/notifications/instrumenter.rb:20:in `instrument'
  activesupport (4.0.6) lib/active_support/notifications.rb:159:in `instrument'
  actionpack (4.0.6) lib/action_controller/metal/instrumentation.rb:30:in `process_action'
  actionpack (4.0.6) lib/action_controller/metal/params_wrapper.rb:250:in `process_action'
  activerecord (4.0.6) lib/active_record/railties/controller_runtime.rb:18:in `process_action'
  actionpack (4.0.6) lib/abstract_controller/base.rb:136:in `process'
  actionpack (4.0.6) lib/abstract_controller/rendering.rb:44:in `process'
  actionpack (4.0.6) lib/action_controller/metal.rb:195:in `dispatch'
  actionpack (4.0.6) lib/action_controller/metal/rack_delegation.rb:13:in `dispatch'
  actionpack (4.0.6) lib/action_controller/metal.rb:231:in `block in action'
  actionpack (4.0.6) lib/action_dispatch/routing/route_set.rb:82:in `dispatch'
  actionpack (4.0.6) lib/action_dispatch/routing/route_set.rb:50:in `call'
  actionpack (4.0.6) lib/action_dispatch/journey/router.rb:71:in `block in call'
  actionpack (4.0.6) lib/action_dispatch/journey/router.rb:59:in `each'
  actionpack (4.0.6) lib/action_dispatch/journey/router.rb:59:in `call'
  actionpack (4.0.6) lib/action_dispatch/routing/route_set.rb:676:in `call'
  warden (1.2.7) lib/warden/manager.rb:36:in `block in call'
  warden (1.2.7) lib/warden/manager.rb:35:in `catch'
  warden (1.2.7) lib/warden/manager.rb:35:in `call'
  rack (1.5.5) lib/rack/etag.rb:23:in `call'
  rack (1.5.5) lib/rack/conditionalget.rb:25:in `call'
  rack (1.5.5) lib/rack/head.rb:11:in `call'
  actionpack (4.0.6) lib/action_dispatch/middleware/params_parser.rb:27:in `call'
  actionpack (4.0.6) lib/action_dispatch/middleware/flash.rb:241:in `call'
  rack (1.5.5) lib/rack/session/abstract/id.rb:225:in `context'
  rack (1.5.5) lib/rack/session/abstract/id.rb:220:in `call'
  actionpack (4.0.6) lib/action_dispatch/middleware/cookies.rb:486:in `call'
  activerecord (4.0.6) lib/active_record/query_cache.rb:36:in `call'
  activerecord (4.0.6) lib/active_record/connection_adapters/abstract/connection_pool.rb:626:in `call'
  activerecord (4.0.6) lib/active_record/migration.rb:373:in `call'
  actionpack (4.0.6) lib/action_dispatch/middleware/callbacks.rb:29:in `block in call'
  activesupport (4.0.6) lib/active_support/callbacks.rb:373:in `_run__4324272671923652545__call__callbacks'
  activesupport (4.0.6) lib/active_support/callbacks.rb:80:in `run_callbacks'
  actionpack (4.0.6) lib/action_dispatch/middleware/callbacks.rb:27:in `call'
  actionpack (4.0.6) lib/action_dispatch/middleware/reloader.rb:64:in `call'
  actionpack (4.0.6) lib/action_dispatch/middleware/remote_ip.rb:76:in `call'
  actionpack (4.0.6) lib/action_dispatch/middleware/debug_exceptions.rb:17:in `call'
  actionpack (4.0.6) lib/action_dispatch/middleware/show_exceptions.rb:30:in `call'
  railties (4.0.6) lib/rails/rack/logger.rb:38:in `call_app'
  railties (4.0.6) lib/rails/rack/logger.rb:20:in `block in call'
  activesupport (4.0.6) lib/active_support/tagged_logging.rb:68:in `block in tagged'
  activesupport (4.0.6) lib/active_support/tagged_logging.rb:26:in `tagged'
  activesupport (4.0.6) lib/active_support/tagged_logging.rb:68:in `tagged'
  railties (4.0.6) lib/rails/rack/logger.rb:20:in `call'
  actionpack (4.0.6) lib/action_dispatch/middleware/request_id.rb:21:in `call'
  rack (1.5.5) lib/rack/methodoverride.rb:21:in `call'
  rack (1.5.5) lib/rack/runtime.rb:17:in `call'
  activesupport (4.0.6) lib/active_support/cache/strategy/local_cache.rb:83:in `call'
  rack (1.5.5) lib/rack/lock.rb:17:in `call'
  actionpack (4.0.6) lib/action_dispatch/middleware/static.rb:64:in `call'
  rack (1.5.5) lib/rack/sendfile.rb:112:in `call'
  railties (4.0.6) lib/rails/engine.rb:511:in `call'
  railties (4.0.6) lib/rails/application.rb:97:in `call'
  /Users/JamesHwang/Library/Application Support/Pow/Versions/0.5.0/node_modules/nack/lib/nack/server.rb:155:in `handle'
  /Users/JamesHwang/Library/Application Support/Pow/Versions/0.5.0/node_modules/nack/lib/nack/server.rb:109:in `rescue in block (2 levels) in start'
  /Users/JamesHwang/Library/Application Support/Pow/Versions/0.5.0/node_modules/nack/lib/nack/server.rb:106:in `block (2 levels) in start'
  /Users/JamesHwang/Library/Application Support/Pow/Versions/0.5.0/node_modules/nack/lib/nack/server.rb:96:in `each'
  /Users/JamesHwang/Library/Application Support/Pow/Versions/0.5.0/node_modules/nack/lib/nack/server.rb:96:in `block in start'
  /Users/JamesHwang/Library/Application Support/Pow/Versions/0.5.0/node_modules/nack/lib/nack/server.rb:76:in `loop'
  /Users/JamesHwang/Library/Application Support/Pow/Versions/0.5.0/node_modules/nack/lib/nack/server.rb:76:in `start'
  /Users/JamesHwang/Library/Application Support/Pow/Versions/0.5.0/node_modules/nack/lib/nack/server.rb:12:in `run'
  /Users/JamesHwang/Library/Application Support/Pow/Versions/0.5.0/node_modules/nack/bin/nack_worker:4:in `<main>'


  Rendered /Users/JamesHwang/.rvm/gems/ruby-2.3.0/gems/actionpack-4.0.6/lib/action_dispatch/middleware/templates/rescues/missing_template.erb within rescues/layout (0.4ms)


Started GET "/" for 127.0.0.1 at 2017-02-04 12:00:47 -0500
Processing by Rails::WelcomeController#index as 'application/vnd.restfulapi-server-rails.v1'
Completed 500 Internal Server Error in 2ms

ActionView::MissingTemplate (Missing template rails/welcome/index with {:locale=>[:en], :formats=>["'application/vnd.restfulapi-server-rails.v1'"], :handlers=>[:erb, :builder, :raw, :ruby, :jbuilder, :coffee]}. Searched in:
  * "/Users/JamesHwang/.rvm/gems/ruby-2.3.0/gems/railties-4.0.6/lib/rails/templates"
):
  actionpack (4.0.6) lib/action_view/path_set.rb:46:in `find'
  actionpack (4.0.6) lib/action_view/lookup_context.rb:122:in `find'
  actionpack (4.0.6) lib/action_view/renderer/abstract_renderer.rb:18:in `find_template'
  actionpack (4.0.6) lib/action_view/renderer/template_renderer.rb:35:in `determine_template'
  actionpack (4.0.6) lib/action_view/renderer/template_renderer.rb:8:in `render'
  actionpack (4.0.6) lib/action_view/renderer/renderer.rb:42:in `render_template'
  actionpack (4.0.6) lib/action_view/renderer/renderer.rb:23:in `render'
  actionpack (4.0.6) lib/abstract_controller/rendering.rb:127:in `_render_template'
  actionpack (4.0.6) lib/action_controller/metal/streaming.rb:219:in `_render_template'
  actionpack (4.0.6) lib/abstract_controller/rendering.rb:120:in `render_to_body'
  actionpack (4.0.6) lib/action_controller/metal/rendering.rb:33:in `render_to_body'
  actionpack (4.0.6) lib/action_controller/metal/renderers.rb:26:in `render_to_body'
  actionpack (4.0.6) lib/abstract_controller/rendering.rb:97:in `render'
  actionpack (4.0.6) lib/action_controller/metal/rendering.rb:16:in `render'
  actionpack (4.0.6) lib/action_controller/metal/instrumentation.rb:41:in `block (2 levels) in render'
  activesupport (4.0.6) lib/active_support/core_ext/benchmark.rb:12:in `block in ms'
  /Users/JamesHwang/.rvm/rubies/ruby-2.3.0/lib/ruby/2.3.0/benchmark.rb:308:in `realtime'
  activesupport (4.0.6) lib/active_support/core_ext/benchmark.rb:12:in `ms'
  actionpack (4.0.6) lib/action_controller/metal/instrumentation.rb:41:in `block in render'
  actionpack (4.0.6) lib/action_controller/metal/instrumentation.rb:84:in `cleanup_view_runtime'
  activerecord (4.0.6) lib/active_record/railties/controller_runtime.rb:25:in `cleanup_view_runtime'
  actionpack (4.0.6) lib/action_controller/metal/instrumentation.rb:40:in `render'
  actionpack (4.0.6) lib/action_controller/metal/implicit_render.rb:10:in `default_render'
  actionpack (4.0.6) lib/action_controller/metal/implicit_render.rb:5:in `send_action'
  actionpack (4.0.6) lib/abstract_controller/base.rb:189:in `process_action'
  actionpack (4.0.6) lib/action_controller/metal/rendering.rb:10:in `process_action'
  actionpack (4.0.6) lib/abstract_controller/callbacks.rb:18:in `block in process_action'
  activesupport (4.0.6) lib/active_support/callbacks.rb:383:in `_run__519140358006107491__process_action__callbacks'
  activesupport (4.0.6) lib/active_support/callbacks.rb:80:in `run_callbacks'
  actionpack (4.0.6) lib/abstract_controller/callbacks.rb:17:in `process_action'
  actionpack (4.0.6) lib/action_controller/metal/rescue.rb:29:in `process_action'
  actionpack (4.0.6) lib/action_controller/metal/instrumentation.rb:31:in `block in process_action'
  activesupport (4.0.6) lib/active_support/notifications.rb:159:in `block in instrument'
  activesupport (4.0.6) lib/active_support/notifications/instrumenter.rb:20:in `instrument'
  activesupport (4.0.6) lib/active_support/notifications.rb:159:in `instrument'
  actionpack (4.0.6) lib/action_controller/metal/instrumentation.rb:30:in `process_action'
  actionpack (4.0.6) lib/action_controller/metal/params_wrapper.rb:250:in `process_action'
  activerecord (4.0.6) lib/active_record/railties/controller_runtime.rb:18:in `process_action'
  actionpack (4.0.6) lib/abstract_controller/base.rb:136:in `process'
  actionpack (4.0.6) lib/abstract_controller/rendering.rb:44:in `process'
  actionpack (4.0.6) lib/action_controller/metal.rb:195:in `dispatch'
  actionpack (4.0.6) lib/action_controller/metal/rack_delegation.rb:13:in `dispatch'
  actionpack (4.0.6) lib/action_controller/metal.rb:231:in `block in action'
  actionpack (4.0.6) lib/action_dispatch/routing/route_set.rb:82:in `dispatch'
  actionpack (4.0.6) lib/action_dispatch/routing/route_set.rb:50:in `call'
  actionpack (4.0.6) lib/action_dispatch/journey/router.rb:71:in `block in call'
  actionpack (4.0.6) lib/action_dispatch/journey/router.rb:59:in `each'
  actionpack (4.0.6) lib/action_dispatch/journey/router.rb:59:in `call'
  actionpack (4.0.6) lib/action_dispatch/routing/route_set.rb:676:in `call'
  warden (1.2.7) lib/warden/manager.rb:36:in `block in call'
  warden (1.2.7) lib/warden/manager.rb:35:in `catch'
  warden (1.2.7) lib/warden/manager.rb:35:in `call'
  rack (1.5.5) lib/rack/etag.rb:23:in `call'
  rack (1.5.5) lib/rack/conditionalget.rb:25:in `call'
  rack (1.5.5) lib/rack/head.rb:11:in `call'
  actionpack (4.0.6) lib/action_dispatch/middleware/params_parser.rb:27:in `call'
  actionpack (4.0.6) lib/action_dispatch/middleware/flash.rb:241:in `call'
  rack (1.5.5) lib/rack/session/abstract/id.rb:225:in `context'
  rack (1.5.5) lib/rack/session/abstract/id.rb:220:in `call'
  actionpack (4.0.6) lib/action_dispatch/middleware/cookies.rb:486:in `call'
  activerecord (4.0.6) lib/active_record/query_cache.rb:36:in `call'
  activerecord (4.0.6) lib/active_record/connection_adapters/abstract/connection_pool.rb:626:in `call'
  activerecord (4.0.6) lib/active_record/migration.rb:373:in `call'
  actionpack (4.0.6) lib/action_dispatch/middleware/callbacks.rb:29:in `block in call'
  activesupport (4.0.6) lib/active_support/callbacks.rb:373:in `_run__4324272671923652545__call__callbacks'
  activesupport (4.0.6) lib/active_support/callbacks.rb:80:in `run_callbacks'
  actionpack (4.0.6) lib/action_dispatch/middleware/callbacks.rb:27:in `call'
  actionpack (4.0.6) lib/action_dispatch/middleware/reloader.rb:64:in `call'
  actionpack (4.0.6) lib/action_dispatch/middleware/remote_ip.rb:76:in `call'
  actionpack (4.0.6) lib/action_dispatch/middleware/debug_exceptions.rb:17:in `call'
  actionpack (4.0.6) lib/action_dispatch/middleware/show_exceptions.rb:30:in `call'
  railties (4.0.6) lib/rails/rack/logger.rb:38:in `call_app'
  railties (4.0.6) lib/rails/rack/logger.rb:20:in `block in call'
  activesupport (4.0.6) lib/active_support/tagged_logging.rb:68:in `block in tagged'
  activesupport (4.0.6) lib/active_support/tagged_logging.rb:26:in `tagged'
  activesupport (4.0.6) lib/active_support/tagged_logging.rb:68:in `tagged'
  railties (4.0.6) lib/rails/rack/logger.rb:20:in `call'
  actionpack (4.0.6) lib/action_dispatch/middleware/request_id.rb:21:in `call'
  rack (1.5.5) lib/rack/methodoverride.rb:21:in `call'
  rack (1.5.5) lib/rack/runtime.rb:17:in `call'
  activesupport (4.0.6) lib/active_support/cache/strategy/local_cache.rb:83:in `call'
  rack (1.5.5) lib/rack/lock.rb:17:in `call'
  actionpack (4.0.6) lib/action_dispatch/middleware/static.rb:64:in `call'
  rack (1.5.5) lib/rack/sendfile.rb:112:in `call'
  railties (4.0.6) lib/rails/engine.rb:511:in `call'
  railties (4.0.6) lib/rails/application.rb:97:in `call'
  /Users/JamesHwang/Library/Application Support/Pow/Versions/0.5.0/node_modules/nack/lib/nack/server.rb:155:in `handle'
  /Users/JamesHwang/Library/Application Support/Pow/Versions/0.5.0/node_modules/nack/lib/nack/server.rb:109:in `rescue in block (2 levels) in start'
  /Users/JamesHwang/Library/Application Support/Pow/Versions/0.5.0/node_modules/nack/lib/nack/server.rb:106:in `block (2 levels) in start'
  /Users/JamesHwang/Library/Application Support/Pow/Versions/0.5.0/node_modules/nack/lib/nack/server.rb:96:in `each'
  /Users/JamesHwang/Library/Application Support/Pow/Versions/0.5.0/node_modules/nack/lib/nack/server.rb:96:in `block in start'
  /Users/JamesHwang/Library/Application Support/Pow/Versions/0.5.0/node_modules/nack/lib/nack/server.rb:76:in `loop'
  /Users/JamesHwang/Library/Application Support/Pow/Versions/0.5.0/node_modules/nack/lib/nack/server.rb:76:in `start'
  /Users/JamesHwang/Library/Application Support/Pow/Versions/0.5.0/node_modules/nack/lib/nack/server.rb:12:in `run'
  /Users/JamesHwang/Library/Application Support/Pow/Versions/0.5.0/node_modules/nack/bin/nack_worker:4:in `<main>'


  Rendered /Users/JamesHwang/.rvm/gems/ruby-2.3.0/gems/actionpack-4.0.6/lib/action_dispatch/middleware/templates/rescues/missing_template.erb within rescues/layout (0.3ms)


Started GET "/" for 127.0.0.1 at 2017-02-04 12:01:08 -0500
Processing by Rails::WelcomeController#index as 'application/vnd.restfulapi-server-rails.v1'
Completed 500 Internal Server Error in 2ms

ActionView::MissingTemplate (Missing template rails/welcome/index with {:locale=>[:en], :formats=>["'application/vnd.restfulapi-server-rails.v1'", "application/vnd.restfulapi-server-rails.v1"], :handlers=>[:erb, :builder, :raw, :ruby, :jbuilder, :coffee]}. Searched in:
  * "/Users/JamesHwang/.rvm/gems/ruby-2.3.0/gems/railties-4.0.6/lib/rails/templates"
):
  actionpack (4.0.6) lib/action_view/path_set.rb:46:in `find'
  actionpack (4.0.6) lib/action_view/lookup_context.rb:122:in `find'
  actionpack (4.0.6) lib/action_view/renderer/abstract_renderer.rb:18:in `find_template'
  actionpack (4.0.6) lib/action_view/renderer/template_renderer.rb:35:in `determine_template'
  actionpack (4.0.6) lib/action_view/renderer/template_renderer.rb:8:in `render'
  actionpack (4.0.6) lib/action_view/renderer/renderer.rb:42:in `render_template'
  actionpack (4.0.6) lib/action_view/renderer/renderer.rb:23:in `render'
  actionpack (4.0.6) lib/abstract_controller/rendering.rb:127:in `_render_template'
  actionpack (4.0.6) lib/action_controller/metal/streaming.rb:219:in `_render_template'
  actionpack (4.0.6) lib/abstract_controller/rendering.rb:120:in `render_to_body'
  actionpack (4.0.6) lib/action_controller/metal/rendering.rb:33:in `render_to_body'
  actionpack (4.0.6) lib/action_controller/metal/renderers.rb:26:in `render_to_body'
  actionpack (4.0.6) lib/abstract_controller/rendering.rb:97:in `render'
  actionpack (4.0.6) lib/action_controller/metal/rendering.rb:16:in `render'
  actionpack (4.0.6) lib/action_controller/metal/instrumentation.rb:41:in `block (2 levels) in render'
  activesupport (4.0.6) lib/active_support/core_ext/benchmark.rb:12:in `block in ms'
  /Users/JamesHwang/.rvm/rubies/ruby-2.3.0/lib/ruby/2.3.0/benchmark.rb:308:in `realtime'
  activesupport (4.0.6) lib/active_support/core_ext/benchmark.rb:12:in `ms'
  actionpack (4.0.6) lib/action_controller/metal/instrumentation.rb:41:in `block in render'
  actionpack (4.0.6) lib/action_controller/metal/instrumentation.rb:84:in `cleanup_view_runtime'
  activerecord (4.0.6) lib/active_record/railties/controller_runtime.rb:25:in `cleanup_view_runtime'
  actionpack (4.0.6) lib/action_controller/metal/instrumentation.rb:40:in `render'
  actionpack (4.0.6) lib/action_controller/metal/implicit_render.rb:10:in `default_render'
  actionpack (4.0.6) lib/action_controller/metal/implicit_render.rb:5:in `send_action'
  actionpack (4.0.6) lib/abstract_controller/base.rb:189:in `process_action'
  actionpack (4.0.6) lib/action_controller/metal/rendering.rb:10:in `process_action'
  actionpack (4.0.6) lib/abstract_controller/callbacks.rb:18:in `block in process_action'
  activesupport (4.0.6) lib/active_support/callbacks.rb:383:in `_run__519140358006107491__process_action__callbacks'
  activesupport (4.0.6) lib/active_support/callbacks.rb:80:in `run_callbacks'
  actionpack (4.0.6) lib/abstract_controller/callbacks.rb:17:in `process_action'
  actionpack (4.0.6) lib/action_controller/metal/rescue.rb:29:in `process_action'
  actionpack (4.0.6) lib/action_controller/metal/instrumentation.rb:31:in `block in process_action'
  activesupport (4.0.6) lib/active_support/notifications.rb:159:in `block in instrument'
  activesupport (4.0.6) lib/active_support/notifications/instrumenter.rb:20:in `instrument'
  activesupport (4.0.6) lib/active_support/notifications.rb:159:in `instrument'
  actionpack (4.0.6) lib/action_controller/metal/instrumentation.rb:30:in `process_action'
  actionpack (4.0.6) lib/action_controller/metal/params_wrapper.rb:250:in `process_action'
  activerecord (4.0.6) lib/active_record/railties/controller_runtime.rb:18:in `process_action'
  actionpack (4.0.6) lib/abstract_controller/base.rb:136:in `process'
  actionpack (4.0.6) lib/abstract_controller/rendering.rb:44:in `process'
  actionpack (4.0.6) lib/action_controller/metal.rb:195:in `dispatch'
  actionpack (4.0.6) lib/action_controller/metal/rack_delegation.rb:13:in `dispatch'
  actionpack (4.0.6) lib/action_controller/metal.rb:231:in `block in action'
  actionpack (4.0.6) lib/action_dispatch/routing/route_set.rb:82:in `dispatch'
  actionpack (4.0.6) lib/action_dispatch/routing/route_set.rb:50:in `call'
  actionpack (4.0.6) lib/action_dispatch/journey/router.rb:71:in `block in call'
  actionpack (4.0.6) lib/action_dispatch/journey/router.rb:59:in `each'
  actionpack (4.0.6) lib/action_dispatch/journey/router.rb:59:in `call'
  actionpack (4.0.6) lib/action_dispatch/routing/route_set.rb:676:in `call'
  warden (1.2.7) lib/warden/manager.rb:36:in `block in call'
  warden (1.2.7) lib/warden/manager.rb:35:in `catch'
  warden (1.2.7) lib/warden/manager.rb:35:in `call'
  rack (1.5.5) lib/rack/etag.rb:23:in `call'
  rack (1.5.5) lib/rack/conditionalget.rb:25:in `call'
  rack (1.5.5) lib/rack/head.rb:11:in `call'
  actionpack (4.0.6) lib/action_dispatch/middleware/params_parser.rb:27:in `call'
  actionpack (4.0.6) lib/action_dispatch/middleware/flash.rb:241:in `call'
  rack (1.5.5) lib/rack/session/abstract/id.rb:225:in `context'
  rack (1.5.5) lib/rack/session/abstract/id.rb:220:in `call'
  actionpack (4.0.6) lib/action_dispatch/middleware/cookies.rb:486:in `call'
  activerecord (4.0.6) lib/active_record/query_cache.rb:36:in `call'
  activerecord (4.0.6) lib/active_record/connection_adapters/abstract/connection_pool.rb:626:in `call'
  activerecord (4.0.6) lib/active_record/migration.rb:373:in `call'
  actionpack (4.0.6) lib/action_dispatch/middleware/callbacks.rb:29:in `block in call'
  activesupport (4.0.6) lib/active_support/callbacks.rb:373:in `_run__4324272671923652545__call__callbacks'
  activesupport (4.0.6) lib/active_support/callbacks.rb:80:in `run_callbacks'
  actionpack (4.0.6) lib/action_dispatch/middleware/callbacks.rb:27:in `call'
  actionpack (4.0.6) lib/action_dispatch/middleware/reloader.rb:64:in `call'
  actionpack (4.0.6) lib/action_dispatch/middleware/remote_ip.rb:76:in `call'
  actionpack (4.0.6) lib/action_dispatch/middleware/debug_exceptions.rb:17:in `call'
  actionpack (4.0.6) lib/action_dispatch/middleware/show_exceptions.rb:30:in `call'
  railties (4.0.6) lib/rails/rack/logger.rb:38:in `call_app'
  railties (4.0.6) lib/rails/rack/logger.rb:20:in `block in call'
  activesupport (4.0.6) lib/active_support/tagged_logging.rb:68:in `block in tagged'
  activesupport (4.0.6) lib/active_support/tagged_logging.rb:26:in `tagged'
  activesupport (4.0.6) lib/active_support/tagged_logging.rb:68:in `tagged'
  railties (4.0.6) lib/rails/rack/logger.rb:20:in `call'
  actionpack (4.0.6) lib/action_dispatch/middleware/request_id.rb:21:in `call'
  rack (1.5.5) lib/rack/methodoverride.rb:21:in `call'
  rack (1.5.5) lib/rack/runtime.rb:17:in `call'
  activesupport (4.0.6) lib/active_support/cache/strategy/local_cache.rb:83:in `call'
  rack (1.5.5) lib/rack/lock.rb:17:in `call'
  actionpack (4.0.6) lib/action_dispatch/middleware/static.rb:64:in `call'
  rack (1.5.5) lib/rack/sendfile.rb:112:in `call'
  railties (4.0.6) lib/rails/engine.rb:511:in `call'
  railties (4.0.6) lib/rails/application.rb:97:in `call'
  /Users/JamesHwang/Library/Application Support/Pow/Versions/0.5.0/node_modules/nack/lib/nack/server.rb:155:in `handle'
  /Users/JamesHwang/Library/Application Support/Pow/Versions/0.5.0/node_modules/nack/lib/nack/server.rb:109:in `rescue in block (2 levels) in start'
  /Users/JamesHwang/Library/Application Support/Pow/Versions/0.5.0/node_modules/nack/lib/nack/server.rb:106:in `block (2 levels) in start'
  /Users/JamesHwang/Library/Application Support/Pow/Versions/0.5.0/node_modules/nack/lib/nack/server.rb:96:in `each'
  /Users/JamesHwang/Library/Application Support/Pow/Versions/0.5.0/node_modules/nack/lib/nack/server.rb:96:in `block in start'
  /Users/JamesHwang/Library/Application Support/Pow/Versions/0.5.0/node_modules/nack/lib/nack/server.rb:76:in `loop'
  /Users/JamesHwang/Library/Application Support/Pow/Versions/0.5.0/node_modules/nack/lib/nack/server.rb:76:in `start'
  /Users/JamesHwang/Library/Application Support/Pow/Versions/0.5.0/node_modules/nack/lib/nack/server.rb:12:in `run'
  /Users/JamesHwang/Library/Application Support/Pow/Versions/0.5.0/node_modules/nack/bin/nack_worker:4:in `<main>'


  Rendered /Users/JamesHwang/.rvm/gems/ruby-2.3.0/gems/actionpack-4.0.6/lib/action_dispatch/middleware/templates/rescues/missing_template.erb within rescues/layout (0.3ms)


Started GET "/users/1" for 127.0.0.1 at 2017-02-04 12:01:17 -0500
Processing by Api::V1::UsersController#show as JSON
  Parameters: {"subdomain"=>"api", "id"=>"1"}
  [1m[35mUser Load (0.8ms)[0m  SELECT "users".* FROM "users" WHERE "users"."id" = $1 LIMIT 1  [["id", "1"]]
Completed 404 Not Found in 5ms

ActiveRecord::RecordNotFound (Couldn't find User with id=1):
  app/controllers/api/v1/users_controller.rb:5:in `show'


  Rendered /Users/JamesHwang/.rvm/gems/ruby-2.3.0/gems/actionpack-4.0.6/lib/action_dispatch/middleware/templates/rescues/_source.erb (0.6ms)
  Rendered /Users/JamesHwang/.rvm/gems/ruby-2.3.0/gems/actionpack-4.0.6/lib/action_dispatch/middleware/templates/rescues/_trace.erb (1.1ms)
  Rendered /Users/JamesHwang/.rvm/gems/ruby-2.3.0/gems/actionpack-4.0.6/lib/action_dispatch/middleware/templates/rescues/_request_and_response.erb (0.9ms)
  Rendered /Users/JamesHwang/.rvm/gems/ruby-2.3.0/gems/actionpack-4.0.6/lib/action_dispatch/middleware/templates/rescues/diagnostics.erb within rescues/layout (41.8ms)


Started GET "/" for 127.0.0.1 at 2017-02-04 12:01:23 -0500
Processing by Rails::WelcomeController#index as 'application/vnd.restfulapi-server-rails.v1'
Completed 500 Internal Server Error in 2ms

ActionView::MissingTemplate (Missing template rails/welcome/index with {:locale=>[:en], :formats=>["'application/vnd.restfulapi-server-rails.v1'", "application/vnd.restfulapi-server-rails.v1"], :handlers=>[:erb, :builder, :raw, :ruby, :jbuilder, :coffee]}. Searched in:
  * "/Users/JamesHwang/.rvm/gems/ruby-2.3.0/gems/railties-4.0.6/lib/rails/templates"
):
  actionpack (4.0.6) lib/action_view/path_set.rb:46:in `find'
  actionpack (4.0.6) lib/action_view/lookup_context.rb:122:in `find'
  actionpack (4.0.6) lib/action_view/renderer/abstract_renderer.rb:18:in `find_template'
  actionpack (4.0.6) lib/action_view/renderer/template_renderer.rb:35:in `determine_template'
  actionpack (4.0.6) lib/action_view/renderer/template_renderer.rb:8:in `render'
  actionpack (4.0.6) lib/action_view/renderer/renderer.rb:42:in `render_template'
  actionpack (4.0.6) lib/action_view/renderer/renderer.rb:23:in `render'
  actionpack (4.0.6) lib/abstract_controller/rendering.rb:127:in `_render_template'
  actionpack (4.0.6) lib/action_controller/metal/streaming.rb:219:in `_render_template'
  actionpack (4.0.6) lib/abstract_controller/rendering.rb:120:in `render_to_body'
  actionpack (4.0.6) lib/action_controller/metal/rendering.rb:33:in `render_to_body'
  actionpack (4.0.6) lib/action_controller/metal/renderers.rb:26:in `render_to_body'
  actionpack (4.0.6) lib/abstract_controller/rendering.rb:97:in `render'
  actionpack (4.0.6) lib/action_controller/metal/rendering.rb:16:in `render'
  actionpack (4.0.6) lib/action_controller/metal/instrumentation.rb:41:in `block (2 levels) in render'
  activesupport (4.0.6) lib/active_support/core_ext/benchmark.rb:12:in `block in ms'
  /Users/JamesHwang/.rvm/rubies/ruby-2.3.0/lib/ruby/2.3.0/benchmark.rb:308:in `realtime'
  activesupport (4.0.6) lib/active_support/core_ext/benchmark.rb:12:in `ms'
  actionpack (4.0.6) lib/action_controller/metal/instrumentation.rb:41:in `block in render'
  actionpack (4.0.6) lib/action_controller/metal/instrumentation.rb:84:in `cleanup_view_runtime'
  activerecord (4.0.6) lib/active_record/railties/controller_runtime.rb:25:in `cleanup_view_runtime'
  actionpack (4.0.6) lib/action_controller/metal/instrumentation.rb:40:in `render'
  actionpack (4.0.6) lib/action_controller/metal/implicit_render.rb:10:in `default_render'
  actionpack (4.0.6) lib/action_controller/metal/implicit_render.rb:5:in `send_action'
  actionpack (4.0.6) lib/abstract_controller/base.rb:189:in `process_action'
  actionpack (4.0.6) lib/action_controller/metal/rendering.rb:10:in `process_action'
  actionpack (4.0.6) lib/abstract_controller/callbacks.rb:18:in `block in process_action'
  activesupport (4.0.6) lib/active_support/callbacks.rb:383:in `_run__519140358006107491__process_action__callbacks'
  activesupport (4.0.6) lib/active_support/callbacks.rb:80:in `run_callbacks'
  actionpack (4.0.6) lib/abstract_controller/callbacks.rb:17:in `process_action'
  actionpack (4.0.6) lib/action_controller/metal/rescue.rb:29:in `process_action'
  actionpack (4.0.6) lib/action_controller/metal/instrumentation.rb:31:in `block in process_action'
  activesupport (4.0.6) lib/active_support/notifications.rb:159:in `block in instrument'
  activesupport (4.0.6) lib/active_support/notifications/instrumenter.rb:20:in `instrument'
  activesupport (4.0.6) lib/active_support/notifications.rb:159:in `instrument'
  actionpack (4.0.6) lib/action_controller/metal/instrumentation.rb:30:in `process_action'
  actionpack (4.0.6) lib/action_controller/metal/params_wrapper.rb:250:in `process_action'
  activerecord (4.0.6) lib/active_record/railties/controller_runtime.rb:18:in `process_action'
  actionpack (4.0.6) lib/abstract_controller/base.rb:136:in `process'
  actionpack (4.0.6) lib/abstract_controller/rendering.rb:44:in `process'
  actionpack (4.0.6) lib/action_controller/metal.rb:195:in `dispatch'
  actionpack (4.0.6) lib/action_controller/metal/rack_delegation.rb:13:in `dispatch'
  actionpack (4.0.6) lib/action_controller/metal.rb:231:in `block in action'
  actionpack (4.0.6) lib/action_dispatch/routing/route_set.rb:82:in `dispatch'
  actionpack (4.0.6) lib/action_dispatch/routing/route_set.rb:50:in `call'
  actionpack (4.0.6) lib/action_dispatch/journey/router.rb:71:in `block in call'
  actionpack (4.0.6) lib/action_dispatch/journey/router.rb:59:in `each'
  actionpack (4.0.6) lib/action_dispatch/journey/router.rb:59:in `call'
  actionpack (4.0.6) lib/action_dispatch/routing/route_set.rb:676:in `call'
  warden (1.2.7) lib/warden/manager.rb:36:in `block in call'
  warden (1.2.7) lib/warden/manager.rb:35:in `catch'
  warden (1.2.7) lib/warden/manager.rb:35:in `call'
  rack (1.5.5) lib/rack/etag.rb:23:in `call'
  rack (1.5.5) lib/rack/conditionalget.rb:25:in `call'
  rack (1.5.5) lib/rack/head.rb:11:in `call'
  actionpack (4.0.6) lib/action_dispatch/middleware/params_parser.rb:27:in `call'
  actionpack (4.0.6) lib/action_dispatch/middleware/flash.rb:241:in `call'
  rack (1.5.5) lib/rack/session/abstract/id.rb:225:in `context'
  rack (1.5.5) lib/rack/session/abstract/id.rb:220:in `call'
  actionpack (4.0.6) lib/action_dispatch/middleware/cookies.rb:486:in `call'
  activerecord (4.0.6) lib/active_record/query_cache.rb:36:in `call'
  activerecord (4.0.6) lib/active_record/connection_adapters/abstract/connection_pool.rb:626:in `call'
  activerecord (4.0.6) lib/active_record/migration.rb:373:in `call'
  actionpack (4.0.6) lib/action_dispatch/middleware/callbacks.rb:29:in `block in call'
  activesupport (4.0.6) lib/active_support/callbacks.rb:373:in `_run__4324272671923652545__call__callbacks'
  activesupport (4.0.6) lib/active_support/callbacks.rb:80:in `run_callbacks'
  actionpack (4.0.6) lib/action_dispatch/middleware/callbacks.rb:27:in `call'
  actionpack (4.0.6) lib/action_dispatch/middleware/reloader.rb:64:in `call'
  actionpack (4.0.6) lib/action_dispatch/middleware/remote_ip.rb:76:in `call'
  actionpack (4.0.6) lib/action_dispatch/middleware/debug_exceptions.rb:17:in `call'
  actionpack (4.0.6) lib/action_dispatch/middleware/show_exceptions.rb:30:in `call'
  railties (4.0.6) lib/rails/rack/logger.rb:38:in `call_app'
  railties (4.0.6) lib/rails/rack/logger.rb:20:in `block in call'
  activesupport (4.0.6) lib/active_support/tagged_logging.rb:68:in `block in tagged'
  activesupport (4.0.6) lib/active_support/tagged_logging.rb:26:in `tagged'
  activesupport (4.0.6) lib/active_support/tagged_logging.rb:68:in `tagged'
  railties (4.0.6) lib/rails/rack/logger.rb:20:in `call'
  actionpack (4.0.6) lib/action_dispatch/middleware/request_id.rb:21:in `call'
  rack (1.5.5) lib/rack/methodoverride.rb:21:in `call'
  rack (1.5.5) lib/rack/runtime.rb:17:in `call'
  activesupport (4.0.6) lib/active_support/cache/strategy/local_cache.rb:83:in `call'
  rack (1.5.5) lib/rack/lock.rb:17:in `call'
  actionpack (4.0.6) lib/action_dispatch/middleware/static.rb:64:in `call'
  rack (1.5.5) lib/rack/sendfile.rb:112:in `call'
  railties (4.0.6) lib/rails/engine.rb:511:in `call'
  railties (4.0.6) lib/rails/application.rb:97:in `call'
  /Users/JamesHwang/Library/Application Support/Pow/Versions/0.5.0/node_modules/nack/lib/nack/server.rb:155:in `handle'
  /Users/JamesHwang/Library/Application Support/Pow/Versions/0.5.0/node_modules/nack/lib/nack/server.rb:109:in `rescue in block (2 levels) in start'
  /Users/JamesHwang/Library/Application Support/Pow/Versions/0.5.0/node_modules/nack/lib/nack/server.rb:106:in `block (2 levels) in start'
  /Users/JamesHwang/Library/Application Support/Pow/Versions/0.5.0/node_modules/nack/lib/nack/server.rb:96:in `each'
  /Users/JamesHwang/Library/Application Support/Pow/Versions/0.5.0/node_modules/nack/lib/nack/server.rb:96:in `block in start'
  /Users/JamesHwang/Library/Application Support/Pow/Versions/0.5.0/node_modules/nack/lib/nack/server.rb:76:in `loop'
  /Users/JamesHwang/Library/Application Support/Pow/Versions/0.5.0/node_modules/nack/lib/nack/server.rb:76:in `start'
  /Users/JamesHwang/Library/Application Support/Pow/Versions/0.5.0/node_modules/nack/lib/nack/server.rb:12:in `run'
  /Users/JamesHwang/Library/Application Support/Pow/Versions/0.5.0/node_modules/nack/bin/nack_worker:4:in `<main>'


  Rendered /Users/JamesHwang/.rvm/gems/ruby-2.3.0/gems/actionpack-4.0.6/lib/action_dispatch/middleware/templates/rescues/missing_template.erb within rescues/layout (0.3ms)


Started GET "/" for 127.0.0.1 at 2017-02-04 12:01:29 -0500
Processing by Rails::WelcomeController#index as 'application/vnd.restfulapi-server-rails.v1'
Completed 500 Internal Server Error in 2ms

ActionView::MissingTemplate (Missing template rails/welcome/index with {:locale=>[:en], :formats=>["'application/vnd.restfulapi-server-rails.v1'", "/vnd.restfulapi-server-rails.v1"], :handlers=>[:erb, :builder, :raw, :ruby, :jbuilder, :coffee]}. Searched in:
  * "/Users/JamesHwang/.rvm/gems/ruby-2.3.0/gems/railties-4.0.6/lib/rails/templates"
):
  actionpack (4.0.6) lib/action_view/path_set.rb:46:in `find'
  actionpack (4.0.6) lib/action_view/lookup_context.rb:122:in `find'
  actionpack (4.0.6) lib/action_view/renderer/abstract_renderer.rb:18:in `find_template'
  actionpack (4.0.6) lib/action_view/renderer/template_renderer.rb:35:in `determine_template'
  actionpack (4.0.6) lib/action_view/renderer/template_renderer.rb:8:in `render'
  actionpack (4.0.6) lib/action_view/renderer/renderer.rb:42:in `render_template'
  actionpack (4.0.6) lib/action_view/renderer/renderer.rb:23:in `render'
  actionpack (4.0.6) lib/abstract_controller/rendering.rb:127:in `_render_template'
  actionpack (4.0.6) lib/action_controller/metal/streaming.rb:219:in `_render_template'
  actionpack (4.0.6) lib/abstract_controller/rendering.rb:120:in `render_to_body'
  actionpack (4.0.6) lib/action_controller/metal/rendering.rb:33:in `render_to_body'
  actionpack (4.0.6) lib/action_controller/metal/renderers.rb:26:in `render_to_body'
  actionpack (4.0.6) lib/abstract_controller/rendering.rb:97:in `render'
  actionpack (4.0.6) lib/action_controller/metal/rendering.rb:16:in `render'
  actionpack (4.0.6) lib/action_controller/metal/instrumentation.rb:41:in `block (2 levels) in render'
  activesupport (4.0.6) lib/active_support/core_ext/benchmark.rb:12:in `block in ms'
  /Users/JamesHwang/.rvm/rubies/ruby-2.3.0/lib/ruby/2.3.0/benchmark.rb:308:in `realtime'
  activesupport (4.0.6) lib/active_support/core_ext/benchmark.rb:12:in `ms'
  actionpack (4.0.6) lib/action_controller/metal/instrumentation.rb:41:in `block in render'
  actionpack (4.0.6) lib/action_controller/metal/instrumentation.rb:84:in `cleanup_view_runtime'
  activerecord (4.0.6) lib/active_record/railties/controller_runtime.rb:25:in `cleanup_view_runtime'
  actionpack (4.0.6) lib/action_controller/metal/instrumentation.rb:40:in `render'
  actionpack (4.0.6) lib/action_controller/metal/implicit_render.rb:10:in `default_render'
  actionpack (4.0.6) lib/action_controller/metal/implicit_render.rb:5:in `send_action'
  actionpack (4.0.6) lib/abstract_controller/base.rb:189:in `process_action'
  actionpack (4.0.6) lib/action_controller/metal/rendering.rb:10:in `process_action'
  actionpack (4.0.6) lib/abstract_controller/callbacks.rb:18:in `block in process_action'
  activesupport (4.0.6) lib/active_support/callbacks.rb:383:in `_run__519140358006107491__process_action__callbacks'
  activesupport (4.0.6) lib/active_support/callbacks.rb:80:in `run_callbacks'
  actionpack (4.0.6) lib/abstract_controller/callbacks.rb:17:in `process_action'
  actionpack (4.0.6) lib/action_controller/metal/rescue.rb:29:in `process_action'
  actionpack (4.0.6) lib/action_controller/metal/instrumentation.rb:31:in `block in process_action'
  activesupport (4.0.6) lib/active_support/notifications.rb:159:in `block in instrument'
  activesupport (4.0.6) lib/active_support/notifications/instrumenter.rb:20:in `instrument'
  activesupport (4.0.6) lib/active_support/notifications.rb:159:in `instrument'
  actionpack (4.0.6) lib/action_controller/metal/instrumentation.rb:30:in `process_action'
  actionpack (4.0.6) lib/action_controller/metal/params_wrapper.rb:250:in `process_action'
  activerecord (4.0.6) lib/active_record/railties/controller_runtime.rb:18:in `process_action'
  actionpack (4.0.6) lib/abstract_controller/base.rb:136:in `process'
  actionpack (4.0.6) lib/abstract_controller/rendering.rb:44:in `process'
  actionpack (4.0.6) lib/action_controller/metal.rb:195:in `dispatch'
  actionpack (4.0.6) lib/action_controller/metal/rack_delegation.rb:13:in `dispatch'
  actionpack (4.0.6) lib/action_controller/metal.rb:231:in `block in action'
  actionpack (4.0.6) lib/action_dispatch/routing/route_set.rb:82:in `dispatch'
  actionpack (4.0.6) lib/action_dispatch/routing/route_set.rb:50:in `call'
  actionpack (4.0.6) lib/action_dispatch/journey/router.rb:71:in `block in call'
  actionpack (4.0.6) lib/action_dispatch/journey/router.rb:59:in `each'
  actionpack (4.0.6) lib/action_dispatch/journey/router.rb:59:in `call'
  actionpack (4.0.6) lib/action_dispatch/routing/route_set.rb:676:in `call'
  warden (1.2.7) lib/warden/manager.rb:36:in `block in call'
  warden (1.2.7) lib/warden/manager.rb:35:in `catch'
  warden (1.2.7) lib/warden/manager.rb:35:in `call'
  rack (1.5.5) lib/rack/etag.rb:23:in `call'
  rack (1.5.5) lib/rack/conditionalget.rb:25:in `call'
  rack (1.5.5) lib/rack/head.rb:11:in `call'
  actionpack (4.0.6) lib/action_dispatch/middleware/params_parser.rb:27:in `call'
  actionpack (4.0.6) lib/action_dispatch/middleware/flash.rb:241:in `call'
  rack (1.5.5) lib/rack/session/abstract/id.rb:225:in `context'
  rack (1.5.5) lib/rack/session/abstract/id.rb:220:in `call'
  actionpack (4.0.6) lib/action_dispatch/middleware/cookies.rb:486:in `call'
  activerecord (4.0.6) lib/active_record/query_cache.rb:36:in `call'
  activerecord (4.0.6) lib/active_record/connection_adapters/abstract/connection_pool.rb:626:in `call'
  activerecord (4.0.6) lib/active_record/migration.rb:373:in `call'
  actionpack (4.0.6) lib/action_dispatch/middleware/callbacks.rb:29:in `block in call'
  activesupport (4.0.6) lib/active_support/callbacks.rb:373:in `_run__4324272671923652545__call__callbacks'
  activesupport (4.0.6) lib/active_support/callbacks.rb:80:in `run_callbacks'
  actionpack (4.0.6) lib/action_dispatch/middleware/callbacks.rb:27:in `call'
  actionpack (4.0.6) lib/action_dispatch/middleware/reloader.rb:64:in `call'
  actionpack (4.0.6) lib/action_dispatch/middleware/remote_ip.rb:76:in `call'
  actionpack (4.0.6) lib/action_dispatch/middleware/debug_exceptions.rb:17:in `call'
  actionpack (4.0.6) lib/action_dispatch/middleware/show_exceptions.rb:30:in `call'
  railties (4.0.6) lib/rails/rack/logger.rb:38:in `call_app'
  railties (4.0.6) lib/rails/rack/logger.rb:20:in `block in call'
  activesupport (4.0.6) lib/active_support/tagged_logging.rb:68:in `block in tagged'
  activesupport (4.0.6) lib/active_support/tagged_logging.rb:26:in `tagged'
  activesupport (4.0.6) lib/active_support/tagged_logging.rb:68:in `tagged'
  railties (4.0.6) lib/rails/rack/logger.rb:20:in `call'
  actionpack (4.0.6) lib/action_dispatch/middleware/request_id.rb:21:in `call'
  rack (1.5.5) lib/rack/methodoverride.rb:21:in `call'
  rack (1.5.5) lib/rack/runtime.rb:17:in `call'
  activesupport (4.0.6) lib/active_support/cache/strategy/local_cache.rb:83:in `call'
  rack (1.5.5) lib/rack/lock.rb:17:in `call'
  actionpack (4.0.6) lib/action_dispatch/middleware/static.rb:64:in `call'
  rack (1.5.5) lib/rack/sendfile.rb:112:in `call'
  railties (4.0.6) lib/rails/engine.rb:511:in `call'
  railties (4.0.6) lib/rails/application.rb:97:in `call'
  /Users/JamesHwang/Library/Application Support/Pow/Versions/0.5.0/node_modules/nack/lib/nack/server.rb:155:in `handle'
  /Users/JamesHwang/Library/Application Support/Pow/Versions/0.5.0/node_modules/nack/lib/nack/server.rb:109:in `rescue in block (2 levels) in start'
  /Users/JamesHwang/Library/Application Support/Pow/Versions/0.5.0/node_modules/nack/lib/nack/server.rb:106:in `block (2 levels) in start'
  /Users/JamesHwang/Library/Application Support/Pow/Versions/0.5.0/node_modules/nack/lib/nack/server.rb:96:in `each'
  /Users/JamesHwang/Library/Application Support/Pow/Versions/0.5.0/node_modules/nack/lib/nack/server.rb:96:in `block in start'
  /Users/JamesHwang/Library/Application Support/Pow/Versions/0.5.0/node_modules/nack/lib/nack/server.rb:76:in `loop'
  /Users/JamesHwang/Library/Application Support/Pow/Versions/0.5.0/node_modules/nack/lib/nack/server.rb:76:in `start'
  /Users/JamesHwang/Library/Application Support/Pow/Versions/0.5.0/node_modules/nack/lib/nack/server.rb:12:in `run'
  /Users/JamesHwang/Library/Application Support/Pow/Versions/0.5.0/node_modules/nack/bin/nack_worker:4:in `<main>'


  Rendered /Users/JamesHwang/.rvm/gems/ruby-2.3.0/gems/actionpack-4.0.6/lib/action_dispatch/middleware/templates/rescues/missing_template.erb within rescues/layout (0.3ms)


Started GET "/" for 127.0.0.1 at 2017-02-04 12:01:34 -0500
Processing by Rails::WelcomeController#index as 'application/vnd.restfulapi-server-rails.v1'
Completed 500 Internal Server Error in 2ms

ActionView::MissingTemplate (Missing template rails/welcome/index with {:locale=>[:en], :formats=>["'application/vnd.restfulapi-server-rails.v1'", "vnd.restfulapi-server-rails.v1"], :handlers=>[:erb, :builder, :raw, :ruby, :jbuilder, :coffee]}. Searched in:
  * "/Users/JamesHwang/.rvm/gems/ruby-2.3.0/gems/railties-4.0.6/lib/rails/templates"
):
  actionpack (4.0.6) lib/action_view/path_set.rb:46:in `find'
  actionpack (4.0.6) lib/action_view/lookup_context.rb:122:in `find'
  actionpack (4.0.6) lib/action_view/renderer/abstract_renderer.rb:18:in `find_template'
  actionpack (4.0.6) lib/action_view/renderer/template_renderer.rb:35:in `determine_template'
  actionpack (4.0.6) lib/action_view/renderer/template_renderer.rb:8:in `render'
  actionpack (4.0.6) lib/action_view/renderer/renderer.rb:42:in `render_template'
  actionpack (4.0.6) lib/action_view/renderer/renderer.rb:23:in `render'
  actionpack (4.0.6) lib/abstract_controller/rendering.rb:127:in `_render_template'
  actionpack (4.0.6) lib/action_controller/metal/streaming.rb:219:in `_render_template'
  actionpack (4.0.6) lib/abstract_controller/rendering.rb:120:in `render_to_body'
  actionpack (4.0.6) lib/action_controller/metal/rendering.rb:33:in `render_to_body'
  actionpack (4.0.6) lib/action_controller/metal/renderers.rb:26:in `render_to_body'
  actionpack (4.0.6) lib/abstract_controller/rendering.rb:97:in `render'
  actionpack (4.0.6) lib/action_controller/metal/rendering.rb:16:in `render'
  actionpack (4.0.6) lib/action_controller/metal/instrumentation.rb:41:in `block (2 levels) in render'
  activesupport (4.0.6) lib/active_support/core_ext/benchmark.rb:12:in `block in ms'
  /Users/JamesHwang/.rvm/rubies/ruby-2.3.0/lib/ruby/2.3.0/benchmark.rb:308:in `realtime'
  activesupport (4.0.6) lib/active_support/core_ext/benchmark.rb:12:in `ms'
  actionpack (4.0.6) lib/action_controller/metal/instrumentation.rb:41:in `block in render'
  actionpack (4.0.6) lib/action_controller/metal/instrumentation.rb:84:in `cleanup_view_runtime'
  activerecord (4.0.6) lib/active_record/railties/controller_runtime.rb:25:in `cleanup_view_runtime'
  actionpack (4.0.6) lib/action_controller/metal/instrumentation.rb:40:in `render'
  actionpack (4.0.6) lib/action_controller/metal/implicit_render.rb:10:in `default_render'
  actionpack (4.0.6) lib/action_controller/metal/implicit_render.rb:5:in `send_action'
  actionpack (4.0.6) lib/abstract_controller/base.rb:189:in `process_action'
  actionpack (4.0.6) lib/action_controller/metal/rendering.rb:10:in `process_action'
  actionpack (4.0.6) lib/abstract_controller/callbacks.rb:18:in `block in process_action'
  activesupport (4.0.6) lib/active_support/callbacks.rb:383:in `_run__519140358006107491__process_action__callbacks'
  activesupport (4.0.6) lib/active_support/callbacks.rb:80:in `run_callbacks'
  actionpack (4.0.6) lib/abstract_controller/callbacks.rb:17:in `process_action'
  actionpack (4.0.6) lib/action_controller/metal/rescue.rb:29:in `process_action'
  actionpack (4.0.6) lib/action_controller/metal/instrumentation.rb:31:in `block in process_action'
  activesupport (4.0.6) lib/active_support/notifications.rb:159:in `block in instrument'
  activesupport (4.0.6) lib/active_support/notifications/instrumenter.rb:20:in `instrument'
  activesupport (4.0.6) lib/active_support/notifications.rb:159:in `instrument'
  actionpack (4.0.6) lib/action_controller/metal/instrumentation.rb:30:in `process_action'
  actionpack (4.0.6) lib/action_controller/metal/params_wrapper.rb:250:in `process_action'
  activerecord (4.0.6) lib/active_record/railties/controller_runtime.rb:18:in `process_action'
  actionpack (4.0.6) lib/abstract_controller/base.rb:136:in `process'
  actionpack (4.0.6) lib/abstract_controller/rendering.rb:44:in `process'
  actionpack (4.0.6) lib/action_controller/metal.rb:195:in `dispatch'
  actionpack (4.0.6) lib/action_controller/metal/rack_delegation.rb:13:in `dispatch'
  actionpack (4.0.6) lib/action_controller/metal.rb:231:in `block in action'
  actionpack (4.0.6) lib/action_dispatch/routing/route_set.rb:82:in `dispatch'
  actionpack (4.0.6) lib/action_dispatch/routing/route_set.rb:50:in `call'
  actionpack (4.0.6) lib/action_dispatch/journey/router.rb:71:in `block in call'
  actionpack (4.0.6) lib/action_dispatch/journey/router.rb:59:in `each'
  actionpack (4.0.6) lib/action_dispatch/journey/router.rb:59:in `call'
  actionpack (4.0.6) lib/action_dispatch/routing/route_set.rb:676:in `call'
  warden (1.2.7) lib/warden/manager.rb:36:in `block in call'
  warden (1.2.7) lib/warden/manager.rb:35:in `catch'
  warden (1.2.7) lib/warden/manager.rb:35:in `call'
  rack (1.5.5) lib/rack/etag.rb:23:in `call'
  rack (1.5.5) lib/rack/conditionalget.rb:25:in `call'
  rack (1.5.5) lib/rack/head.rb:11:in `call'
  actionpack (4.0.6) lib/action_dispatch/middleware/params_parser.rb:27:in `call'
  actionpack (4.0.6) lib/action_dispatch/middleware/flash.rb:241:in `call'
  rack (1.5.5) lib/rack/session/abstract/id.rb:225:in `context'
  rack (1.5.5) lib/rack/session/abstract/id.rb:220:in `call'
  actionpack (4.0.6) lib/action_dispatch/middleware/cookies.rb:486:in `call'
  activerecord (4.0.6) lib/active_record/query_cache.rb:36:in `call'
  activerecord (4.0.6) lib/active_record/connection_adapters/abstract/connection_pool.rb:626:in `call'
  activerecord (4.0.6) lib/active_record/migration.rb:373:in `call'
  actionpack (4.0.6) lib/action_dispatch/middleware/callbacks.rb:29:in `block in call'
  activesupport (4.0.6) lib/active_support/callbacks.rb:373:in `_run__4324272671923652545__call__callbacks'
  activesupport (4.0.6) lib/active_support/callbacks.rb:80:in `run_callbacks'
  actionpack (4.0.6) lib/action_dispatch/middleware/callbacks.rb:27:in `call'
  actionpack (4.0.6) lib/action_dispatch/middleware/reloader.rb:64:in `call'
  actionpack (4.0.6) lib/action_dispatch/middleware/remote_ip.rb:76:in `call'
  actionpack (4.0.6) lib/action_dispatch/middleware/debug_exceptions.rb:17:in `call'
  actionpack (4.0.6) lib/action_dispatch/middleware/show_exceptions.rb:30:in `call'
  railties (4.0.6) lib/rails/rack/logger.rb:38:in `call_app'
  railties (4.0.6) lib/rails/rack/logger.rb:20:in `block in call'
  activesupport (4.0.6) lib/active_support/tagged_logging.rb:68:in `block in tagged'
  activesupport (4.0.6) lib/active_support/tagged_logging.rb:26:in `tagged'
  activesupport (4.0.6) lib/active_support/tagged_logging.rb:68:in `tagged'
  railties (4.0.6) lib/rails/rack/logger.rb:20:in `call'
  actionpack (4.0.6) lib/action_dispatch/middleware/request_id.rb:21:in `call'
  rack (1.5.5) lib/rack/methodoverride.rb:21:in `call'
  rack (1.5.5) lib/rack/runtime.rb:17:in `call'
  activesupport (4.0.6) lib/active_support/cache/strategy/local_cache.rb:83:in `call'
  rack (1.5.5) lib/rack/lock.rb:17:in `call'
  actionpack (4.0.6) lib/action_dispatch/middleware/static.rb:64:in `call'
  rack (1.5.5) lib/rack/sendfile.rb:112:in `call'
  railties (4.0.6) lib/rails/engine.rb:511:in `call'
  railties (4.0.6) lib/rails/application.rb:97:in `call'
  /Users/JamesHwang/Library/Application Support/Pow/Versions/0.5.0/node_modules/nack/lib/nack/server.rb:155:in `handle'
  /Users/JamesHwang/Library/Application Support/Pow/Versions/0.5.0/node_modules/nack/lib/nack/server.rb:109:in `rescue in block (2 levels) in start'
  /Users/JamesHwang/Library/Application Support/Pow/Versions/0.5.0/node_modules/nack/lib/nack/server.rb:106:in `block (2 levels) in start'
  /Users/JamesHwang/Library/Application Support/Pow/Versions/0.5.0/node_modules/nack/lib/nack/server.rb:96:in `each'
  /Users/JamesHwang/Library/Application Support/Pow/Versions/0.5.0/node_modules/nack/lib/nack/server.rb:96:in `block in start'
  /Users/JamesHwang/Library/Application Support/Pow/Versions/0.5.0/node_modules/nack/lib/nack/server.rb:76:in `loop'
  /Users/JamesHwang/Library/Application Support/Pow/Versions/0.5.0/node_modules/nack/lib/nack/server.rb:76:in `start'
  /Users/JamesHwang/Library/Application Support/Pow/Versions/0.5.0/node_modules/nack/lib/nack/server.rb:12:in `run'
  /Users/JamesHwang/Library/Application Support/Pow/Versions/0.5.0/node_modules/nack/bin/nack_worker:4:in `<main>'


  Rendered /Users/JamesHwang/.rvm/gems/ruby-2.3.0/gems/actionpack-4.0.6/lib/action_dispatch/middleware/templates/rescues/missing_template.erb within rescues/layout (0.4ms)


Started GET "/" for 127.0.0.1 at 2017-02-04 12:02:06 -0500
Processing by Rails::WelcomeController#index as vnd.restfulapi-server-rails.v1
Completed 500 Internal Server Error in 2ms

ActionView::MissingTemplate (Missing template rails/welcome/index with {:locale=>[:en], :formats=>["vnd.restfulapi-server-rails.v1"], :handlers=>[:erb, :builder, :raw, :ruby, :jbuilder, :coffee]}. Searched in:
  * "/Users/JamesHwang/.rvm/gems/ruby-2.3.0/gems/railties-4.0.6/lib/rails/templates"
):
  actionpack (4.0.6) lib/action_view/path_set.rb:46:in `find'
  actionpack (4.0.6) lib/action_view/lookup_context.rb:122:in `find'
  actionpack (4.0.6) lib/action_view/renderer/abstract_renderer.rb:18:in `find_template'
  actionpack (4.0.6) lib/action_view/renderer/template_renderer.rb:35:in `determine_template'
  actionpack (4.0.6) lib/action_view/renderer/template_renderer.rb:8:in `render'
  actionpack (4.0.6) lib/action_view/renderer/renderer.rb:42:in `render_template'
  actionpack (4.0.6) lib/action_view/renderer/renderer.rb:23:in `render'
  actionpack (4.0.6) lib/abstract_controller/rendering.rb:127:in `_render_template'
  actionpack (4.0.6) lib/action_controller/metal/streaming.rb:219:in `_render_template'
  actionpack (4.0.6) lib/abstract_controller/rendering.rb:120:in `render_to_body'
  actionpack (4.0.6) lib/action_controller/metal/rendering.rb:33:in `render_to_body'
  actionpack (4.0.6) lib/action_controller/metal/renderers.rb:26:in `render_to_body'
  actionpack (4.0.6) lib/abstract_controller/rendering.rb:97:in `render'
  actionpack (4.0.6) lib/action_controller/metal/rendering.rb:16:in `render'
  actionpack (4.0.6) lib/action_controller/metal/instrumentation.rb:41:in `block (2 levels) in render'
  activesupport (4.0.6) lib/active_support/core_ext/benchmark.rb:12:in `block in ms'
  /Users/JamesHwang/.rvm/rubies/ruby-2.3.0/lib/ruby/2.3.0/benchmark.rb:308:in `realtime'
  activesupport (4.0.6) lib/active_support/core_ext/benchmark.rb:12:in `ms'
  actionpack (4.0.6) lib/action_controller/metal/instrumentation.rb:41:in `block in render'
  actionpack (4.0.6) lib/action_controller/metal/instrumentation.rb:84:in `cleanup_view_runtime'
  activerecord (4.0.6) lib/active_record/railties/controller_runtime.rb:25:in `cleanup_view_runtime'
  actionpack (4.0.6) lib/action_controller/metal/instrumentation.rb:40:in `render'
  actionpack (4.0.6) lib/action_controller/metal/implicit_render.rb:10:in `default_render'
  actionpack (4.0.6) lib/action_controller/metal/implicit_render.rb:5:in `send_action'
  actionpack (4.0.6) lib/abstract_controller/base.rb:189:in `process_action'
  actionpack (4.0.6) lib/action_controller/metal/rendering.rb:10:in `process_action'
  actionpack (4.0.6) lib/abstract_controller/callbacks.rb:18:in `block in process_action'
  activesupport (4.0.6) lib/active_support/callbacks.rb:383:in `_run__519140358006107491__process_action__callbacks'
  activesupport (4.0.6) lib/active_support/callbacks.rb:80:in `run_callbacks'
  actionpack (4.0.6) lib/abstract_controller/callbacks.rb:17:in `process_action'
  actionpack (4.0.6) lib/action_controller/metal/rescue.rb:29:in `process_action'
  actionpack (4.0.6) lib/action_controller/metal/instrumentation.rb:31:in `block in process_action'
  activesupport (4.0.6) lib/active_support/notifications.rb:159:in `block in instrument'
  activesupport (4.0.6) lib/active_support/notifications/instrumenter.rb:20:in `instrument'
  activesupport (4.0.6) lib/active_support/notifications.rb:159:in `instrument'
  actionpack (4.0.6) lib/action_controller/metal/instrumentation.rb:30:in `process_action'
  actionpack (4.0.6) lib/action_controller/metal/params_wrapper.rb:250:in `process_action'
  activerecord (4.0.6) lib/active_record/railties/controller_runtime.rb:18:in `process_action'
  actionpack (4.0.6) lib/abstract_controller/base.rb:136:in `process'
  actionpack (4.0.6) lib/abstract_controller/rendering.rb:44:in `process'
  actionpack (4.0.6) lib/action_controller/metal.rb:195:in `dispatch'
  actionpack (4.0.6) lib/action_controller/metal/rack_delegation.rb:13:in `dispatch'
  actionpack (4.0.6) lib/action_controller/metal.rb:231:in `block in action'
  actionpack (4.0.6) lib/action_dispatch/routing/route_set.rb:82:in `dispatch'
  actionpack (4.0.6) lib/action_dispatch/routing/route_set.rb:50:in `call'
  actionpack (4.0.6) lib/action_dispatch/journey/router.rb:71:in `block in call'
  actionpack (4.0.6) lib/action_dispatch/journey/router.rb:59:in `each'
  actionpack (4.0.6) lib/action_dispatch/journey/router.rb:59:in `call'
  actionpack (4.0.6) lib/action_dispatch/routing/route_set.rb:676:in `call'
  warden (1.2.7) lib/warden/manager.rb:36:in `block in call'
  warden (1.2.7) lib/warden/manager.rb:35:in `catch'
  warden (1.2.7) lib/warden/manager.rb:35:in `call'
  rack (1.5.5) lib/rack/etag.rb:23:in `call'
  rack (1.5.5) lib/rack/conditionalget.rb:25:in `call'
  rack (1.5.5) lib/rack/head.rb:11:in `call'
  actionpack (4.0.6) lib/action_dispatch/middleware/params_parser.rb:27:in `call'
  actionpack (4.0.6) lib/action_dispatch/middleware/flash.rb:241:in `call'
  rack (1.5.5) lib/rack/session/abstract/id.rb:225:in `context'
  rack (1.5.5) lib/rack/session/abstract/id.rb:220:in `call'
  actionpack (4.0.6) lib/action_dispatch/middleware/cookies.rb:486:in `call'
  activerecord (4.0.6) lib/active_record/query_cache.rb:36:in `call'
  activerecord (4.0.6) lib/active_record/connection_adapters/abstract/connection_pool.rb:626:in `call'
  activerecord (4.0.6) lib/active_record/migration.rb:373:in `call'
  actionpack (4.0.6) lib/action_dispatch/middleware/callbacks.rb:29:in `block in call'
  activesupport (4.0.6) lib/active_support/callbacks.rb:373:in `_run__4324272671923652545__call__callbacks'
  activesupport (4.0.6) lib/active_support/callbacks.rb:80:in `run_callbacks'
  actionpack (4.0.6) lib/action_dispatch/middleware/callbacks.rb:27:in `call'
  actionpack (4.0.6) lib/action_dispatch/middleware/reloader.rb:64:in `call'
  actionpack (4.0.6) lib/action_dispatch/middleware/remote_ip.rb:76:in `call'
  actionpack (4.0.6) lib/action_dispatch/middleware/debug_exceptions.rb:17:in `call'
  actionpack (4.0.6) lib/action_dispatch/middleware/show_exceptions.rb:30:in `call'
  railties (4.0.6) lib/rails/rack/logger.rb:38:in `call_app'
  railties (4.0.6) lib/rails/rack/logger.rb:20:in `block in call'
  activesupport (4.0.6) lib/active_support/tagged_logging.rb:68:in `block in tagged'
  activesupport (4.0.6) lib/active_support/tagged_logging.rb:26:in `tagged'
  activesupport (4.0.6) lib/active_support/tagged_logging.rb:68:in `tagged'
  railties (4.0.6) lib/rails/rack/logger.rb:20:in `call'
  actionpack (4.0.6) lib/action_dispatch/middleware/request_id.rb:21:in `call'
  rack (1.5.5) lib/rack/methodoverride.rb:21:in `call'
  rack (1.5.5) lib/rack/runtime.rb:17:in `call'
  activesupport (4.0.6) lib/active_support/cache/strategy/local_cache.rb:83:in `call'
  rack (1.5.5) lib/rack/lock.rb:17:in `call'
  actionpack (4.0.6) lib/action_dispatch/middleware/static.rb:64:in `call'
  rack (1.5.5) lib/rack/sendfile.rb:112:in `call'
  railties (4.0.6) lib/rails/engine.rb:511:in `call'
  railties (4.0.6) lib/rails/application.rb:97:in `call'
  /Users/JamesHwang/Library/Application Support/Pow/Versions/0.5.0/node_modules/nack/lib/nack/server.rb:155:in `handle'
  /Users/JamesHwang/Library/Application Support/Pow/Versions/0.5.0/node_modules/nack/lib/nack/server.rb:109:in `rescue in block (2 levels) in start'
  /Users/JamesHwang/Library/Application Support/Pow/Versions/0.5.0/node_modules/nack/lib/nack/server.rb:106:in `block (2 levels) in start'
  /Users/JamesHwang/Library/Application Support/Pow/Versions/0.5.0/node_modules/nack/lib/nack/server.rb:96:in `each'
  /Users/JamesHwang/Library/Application Support/Pow/Versions/0.5.0/node_modules/nack/lib/nack/server.rb:96:in `block in start'
  /Users/JamesHwang/Library/Application Support/Pow/Versions/0.5.0/node_modules/nack/lib/nack/server.rb:76:in `loop'
  /Users/JamesHwang/Library/Application Support/Pow/Versions/0.5.0/node_modules/nack/lib/nack/server.rb:76:in `start'
  /Users/JamesHwang/Library/Application Support/Pow/Versions/0.5.0/node_modules/nack/lib/nack/server.rb:12:in `run'
  /Users/JamesHwang/Library/Application Support/Pow/Versions/0.5.0/node_modules/nack/bin/nack_worker:4:in `<main>'


  Rendered /Users/JamesHwang/.rvm/gems/ruby-2.3.0/gems/actionpack-4.0.6/lib/action_dispatch/middleware/templates/rescues/missing_template.erb within rescues/layout (0.3ms)


Started GET "/" for 127.0.0.1 at 2017-02-04 12:02:20 -0500
Processing by Rails::WelcomeController#index as vnd.restfulapi-server-rails.v1
Completed 500 Internal Server Error in 2ms

ActionView::MissingTemplate (Missing template rails/welcome/index with {:locale=>[:en], :formats=>["vnd.restfulapi-server-rails.v1"], :handlers=>[:erb, :builder, :raw, :ruby, :jbuilder, :coffee]}. Searched in:
  * "/Users/JamesHwang/.rvm/gems/ruby-2.3.0/gems/railties-4.0.6/lib/rails/templates"
):
  actionpack (4.0.6) lib/action_view/path_set.rb:46:in `find'
  actionpack (4.0.6) lib/action_view/lookup_context.rb:122:in `find'
  actionpack (4.0.6) lib/action_view/renderer/abstract_renderer.rb:18:in `find_template'
  actionpack (4.0.6) lib/action_view/renderer/template_renderer.rb:35:in `determine_template'
  actionpack (4.0.6) lib/action_view/renderer/template_renderer.rb:8:in `render'
  actionpack (4.0.6) lib/action_view/renderer/renderer.rb:42:in `render_template'
  actionpack (4.0.6) lib/action_view/renderer/renderer.rb:23:in `render'
  actionpack (4.0.6) lib/abstract_controller/rendering.rb:127:in `_render_template'
  actionpack (4.0.6) lib/action_controller/metal/streaming.rb:219:in `_render_template'
  actionpack (4.0.6) lib/abstract_controller/rendering.rb:120:in `render_to_body'
  actionpack (4.0.6) lib/action_controller/metal/rendering.rb:33:in `render_to_body'
  actionpack (4.0.6) lib/action_controller/metal/renderers.rb:26:in `render_to_body'
  actionpack (4.0.6) lib/abstract_controller/rendering.rb:97:in `render'
  actionpack (4.0.6) lib/action_controller/metal/rendering.rb:16:in `render'
  actionpack (4.0.6) lib/action_controller/metal/instrumentation.rb:41:in `block (2 levels) in render'
  activesupport (4.0.6) lib/active_support/core_ext/benchmark.rb:12:in `block in ms'
  /Users/JamesHwang/.rvm/rubies/ruby-2.3.0/lib/ruby/2.3.0/benchmark.rb:308:in `realtime'
  activesupport (4.0.6) lib/active_support/core_ext/benchmark.rb:12:in `ms'
  actionpack (4.0.6) lib/action_controller/metal/instrumentation.rb:41:in `block in render'
  actionpack (4.0.6) lib/action_controller/metal/instrumentation.rb:84:in `cleanup_view_runtime'
  activerecord (4.0.6) lib/active_record/railties/controller_runtime.rb:25:in `cleanup_view_runtime'
  actionpack (4.0.6) lib/action_controller/metal/instrumentation.rb:40:in `render'
  actionpack (4.0.6) lib/action_controller/metal/implicit_render.rb:10:in `default_render'
  actionpack (4.0.6) lib/action_controller/metal/implicit_render.rb:5:in `send_action'
  actionpack (4.0.6) lib/abstract_controller/base.rb:189:in `process_action'
  actionpack (4.0.6) lib/action_controller/metal/rendering.rb:10:in `process_action'
  actionpack (4.0.6) lib/abstract_controller/callbacks.rb:18:in `block in process_action'
  activesupport (4.0.6) lib/active_support/callbacks.rb:383:in `_run__519140358006107491__process_action__callbacks'
  activesupport (4.0.6) lib/active_support/callbacks.rb:80:in `run_callbacks'
  actionpack (4.0.6) lib/abstract_controller/callbacks.rb:17:in `process_action'
  actionpack (4.0.6) lib/action_controller/metal/rescue.rb:29:in `process_action'
  actionpack (4.0.6) lib/action_controller/metal/instrumentation.rb:31:in `block in process_action'
  activesupport (4.0.6) lib/active_support/notifications.rb:159:in `block in instrument'
  activesupport (4.0.6) lib/active_support/notifications/instrumenter.rb:20:in `instrument'
  activesupport (4.0.6) lib/active_support/notifications.rb:159:in `instrument'
  actionpack (4.0.6) lib/action_controller/metal/instrumentation.rb:30:in `process_action'
  actionpack (4.0.6) lib/action_controller/metal/params_wrapper.rb:250:in `process_action'
  activerecord (4.0.6) lib/active_record/railties/controller_runtime.rb:18:in `process_action'
  actionpack (4.0.6) lib/abstract_controller/base.rb:136:in `process'
  actionpack (4.0.6) lib/abstract_controller/rendering.rb:44:in `process'
  actionpack (4.0.6) lib/action_controller/metal.rb:195:in `dispatch'
  actionpack (4.0.6) lib/action_controller/metal/rack_delegation.rb:13:in `dispatch'
  actionpack (4.0.6) lib/action_controller/metal.rb:231:in `block in action'
  actionpack (4.0.6) lib/action_dispatch/routing/route_set.rb:82:in `dispatch'
  actionpack (4.0.6) lib/action_dispatch/routing/route_set.rb:50:in `call'
  actionpack (4.0.6) lib/action_dispatch/journey/router.rb:71:in `block in call'
  actionpack (4.0.6) lib/action_dispatch/journey/router.rb:59:in `each'
  actionpack (4.0.6) lib/action_dispatch/journey/router.rb:59:in `call'
  actionpack (4.0.6) lib/action_dispatch/routing/route_set.rb:676:in `call'
  warden (1.2.7) lib/warden/manager.rb:36:in `block in call'
  warden (1.2.7) lib/warden/manager.rb:35:in `catch'
  warden (1.2.7) lib/warden/manager.rb:35:in `call'
  rack (1.5.5) lib/rack/etag.rb:23:in `call'
  rack (1.5.5) lib/rack/conditionalget.rb:25:in `call'
  rack (1.5.5) lib/rack/head.rb:11:in `call'
  actionpack (4.0.6) lib/action_dispatch/middleware/params_parser.rb:27:in `call'
  actionpack (4.0.6) lib/action_dispatch/middleware/flash.rb:241:in `call'
  rack (1.5.5) lib/rack/session/abstract/id.rb:225:in `context'
  rack (1.5.5) lib/rack/session/abstract/id.rb:220:in `call'
  actionpack (4.0.6) lib/action_dispatch/middleware/cookies.rb:486:in `call'
  activerecord (4.0.6) lib/active_record/query_cache.rb:36:in `call'
  activerecord (4.0.6) lib/active_record/connection_adapters/abstract/connection_pool.rb:626:in `call'
  activerecord (4.0.6) lib/active_record/migration.rb:373:in `call'
  actionpack (4.0.6) lib/action_dispatch/middleware/callbacks.rb:29:in `block in call'
  activesupport (4.0.6) lib/active_support/callbacks.rb:373:in `_run__4324272671923652545__call__callbacks'
  activesupport (4.0.6) lib/active_support/callbacks.rb:80:in `run_callbacks'
  actionpack (4.0.6) lib/action_dispatch/middleware/callbacks.rb:27:in `call'
  actionpack (4.0.6) lib/action_dispatch/middleware/reloader.rb:64:in `call'
  actionpack (4.0.6) lib/action_dispatch/middleware/remote_ip.rb:76:in `call'
  actionpack (4.0.6) lib/action_dispatch/middleware/debug_exceptions.rb:17:in `call'
  actionpack (4.0.6) lib/action_dispatch/middleware/show_exceptions.rb:30:in `call'
  railties (4.0.6) lib/rails/rack/logger.rb:38:in `call_app'
  railties (4.0.6) lib/rails/rack/logger.rb:20:in `block in call'
  activesupport (4.0.6) lib/active_support/tagged_logging.rb:68:in `block in tagged'
  activesupport (4.0.6) lib/active_support/tagged_logging.rb:26:in `tagged'
  activesupport (4.0.6) lib/active_support/tagged_logging.rb:68:in `tagged'
  railties (4.0.6) lib/rails/rack/logger.rb:20:in `call'
  actionpack (4.0.6) lib/action_dispatch/middleware/request_id.rb:21:in `call'
  rack (1.5.5) lib/rack/methodoverride.rb:21:in `call'
  rack (1.5.5) lib/rack/runtime.rb:17:in `call'
  activesupport (4.0.6) lib/active_support/cache/strategy/local_cache.rb:83:in `call'
  rack (1.5.5) lib/rack/lock.rb:17:in `call'
  actionpack (4.0.6) lib/action_dispatch/middleware/static.rb:64:in `call'
  rack (1.5.5) lib/rack/sendfile.rb:112:in `call'
  railties (4.0.6) lib/rails/engine.rb:511:in `call'
  railties (4.0.6) lib/rails/application.rb:97:in `call'
  /Users/JamesHwang/Library/Application Support/Pow/Versions/0.5.0/node_modules/nack/lib/nack/server.rb:155:in `handle'
  /Users/JamesHwang/Library/Application Support/Pow/Versions/0.5.0/node_modules/nack/lib/nack/server.rb:109:in `rescue in block (2 levels) in start'
  /Users/JamesHwang/Library/Application Support/Pow/Versions/0.5.0/node_modules/nack/lib/nack/server.rb:106:in `block (2 levels) in start'
  /Users/JamesHwang/Library/Application Support/Pow/Versions/0.5.0/node_modules/nack/lib/nack/server.rb:96:in `each'
  /Users/JamesHwang/Library/Application Support/Pow/Versions/0.5.0/node_modules/nack/lib/nack/server.rb:96:in `block in start'
  /Users/JamesHwang/Library/Application Support/Pow/Versions/0.5.0/node_modules/nack/lib/nack/server.rb:76:in `loop'
  /Users/JamesHwang/Library/Application Support/Pow/Versions/0.5.0/node_modules/nack/lib/nack/server.rb:76:in `start'
  /Users/JamesHwang/Library/Application Support/Pow/Versions/0.5.0/node_modules/nack/lib/nack/server.rb:12:in `run'
  /Users/JamesHwang/Library/Application Support/Pow/Versions/0.5.0/node_modules/nack/bin/nack_worker:4:in `<main>'


  Rendered /Users/JamesHwang/.rvm/gems/ruby-2.3.0/gems/actionpack-4.0.6/lib/action_dispatch/middleware/templates/rescues/missing_template.erb within rescues/layout (0.4ms)
  [1m[36mUser Load (1.2ms)[0m  [1mSELECT "users".* FROM "users"[0m
  [1m[35m (0.2ms)[0m  BEGIN
  [1m[36mUser Exists (0.6ms)[0m  [1mSELECT 1 AS one FROM "users" WHERE "users"."email" = '91juhwang@gmail.com' LIMIT 1[0m
  [1m[35mSQL (3.3ms)[0m  INSERT INTO "users" ("created_at", "email", "encrypted_password", "updated_at") VALUES ($1, $2, $3, $4) RETURNING "id"  [["created_at", Sat, 04 Feb 2017 17:16:12 UTC +00:00], ["email", "91juhwang@gmail.com"], ["encrypted_password", "$2a$10$CdrtH3uSg3kKfY6w2G7iQ.tLcXxVeNCUMicd5IdF1jf02pmDm8E1u"], ["updated_at", Sat, 04 Feb 2017 17:16:12 UTC +00:00]]
  [1m[36m (1.3ms)[0m  [1mCOMMIT[0m
  [1m[35mUser Load (0.6ms)[0m  SELECT "users".* FROM "users"


Started GET "/users/1" for 127.0.0.1 at 2017-02-04 12:18:18 -0500
  [1m[36mActiveRecord::SchemaMigration Load (0.4ms)[0m  [1mSELECT "schema_migrations".* FROM "schema_migrations"[0m
Processing by Api::V1::UsersController#show as JSON
  Parameters: {"subdomain"=>"api", "id"=>"1"}
  [1m[35mUser Load (0.9ms)[0m  SELECT "users".* FROM "users" WHERE "users"."id" = $1 LIMIT 1  [["id", "1"]]
[active_model_serializers] Rendered ActiveModel::Serializer::Null with User (1.21ms)
Completed 200 OK in 39ms (Views: 8.2ms | ActiveRecord: 3.0ms)


Started GET "/users/1" for 127.0.0.1 at 2017-02-04 12:32:51 -0500
Processing by Api::V1::UsersController#show as JSON
  Parameters: {"subdomain"=>"api", "id"=>"1"}
  [1m[36mUser Load (0.3ms)[0m  [1mSELECT "users".* FROM "users" WHERE "users"."id" = $1 LIMIT 1[0m  [["id", "1"]]
[active_model_serializers] Rendered ActiveModel::Serializer::Null with User (0.33ms)
Completed 200 OK in 6ms (Views: 0.9ms | ActiveRecord: 0.3ms)


Started GET "/" for 127.0.0.1 at 2017-02-04 12:34:15 -0500
  [1m[36mActiveRecord::SchemaMigration Load (0.4ms)[0m  [1mSELECT "schema_migrations".* FROM "schema_migrations"[0m
Processing by Rails::WelcomeController#index as HTML
  Rendered /Users/JamesHwang/.rvm/gems/ruby-2.3.3/gems/railties-4.0.6/lib/rails/templates/rails/welcome/index.html.erb (1.7ms)
Completed 200 OK in 18ms (Views: 9.5ms | ActiveRecord: 0.0ms)
  [1m[36mActiveRecord::SchemaMigration Load (0.3ms)[0m  [1mSELECT "schema_migrations".* FROM "schema_migrations"[0m
Migrating to AddAuthenticationTokenToUsers (20170204174120)
  [1m[35m (0.2ms)[0m  BEGIN
  [1m[36m (8.3ms)[0m  [1mALTER TABLE "users" ADD COLUMN "auth_token" character varying(255) DEFAULT ''[0m
  [1m[35m (0.9ms)[0m  CREATE UNIQUE INDEX "index_users_on_auth_token" ON "users" ("auth_token")
  [1m[36mSQL (0.7ms)[0m  [1mINSERT INTO "schema_migrations" ("version") VALUES ($1)[0m  [["version", "20170204174120"]]
  [1m[35m (1.8ms)[0m  COMMIT
  [1m[36mActiveRecord::SchemaMigration Load (0.2ms)[0m  [1mSELECT "schema_migrations".* FROM "schema_migrations"[0m


Started GET "/" for 127.0.0.1 at 2017-02-04 13:02:41 -0500
  [1m[36mActiveRecord::SchemaMigration Load (0.3ms)[0m  [1mSELECT "schema_migrations".* FROM "schema_migrations"[0m
Processing by Rails::WelcomeController#index as HTML
  Rendered /Users/JamesHwang/.rvm/gems/ruby-2.3.0/gems/railties-4.0.6/lib/rails/templates/rails/welcome/index.html.erb (1.9ms)
Completed 200 OK in 20ms (Views: 12.2ms | ActiveRecord: 0.0ms)
=======
>>>>>>> 51dceed1c04e3a85f154b3ef86a217bcc9a33a18
